{"C:\\Users\\Usuario\\Desktop\\Flowly\\backend\\controllers\\authController.js": {"path":"C:\\Users\\Usuario\\Desktop\\Flowly\\backend\\controllers\\authController.js","statementMap":{"0":{"start":{"line":1,"column":13},"end":{"line":1,"column":38}},"1":{"start":{"line":2,"column":15},"end":{"line":2,"column":32}},"2":{"start":{"line":3,"column":12},"end":{"line":3,"column":35}},"3":{"start":{"line":4,"column":14},"end":{"line":4,"column":43}},"4":{"start":{"line":5,"column":18},"end":{"line":5,"column":50}},"5":{"start":{"line":6,"column":14},"end":{"line":6,"column":31}},"6":{"start":{"line":7,"column":25},"end":{"line":7,"column":64}},"7":{"start":{"line":9,"column":0},"end":{"line":9,"column":27}},"8":{"start":{"line":11,"column":0},"end":{"line":80,"column":2}},"9":{"start":{"line":14,"column":16},"end":{"line":14,"column":54}},"10":{"start":{"line":15,"column":16},"end":{"line":15,"column":41}},"11":{"start":{"line":16,"column":15},"end":{"line":16,"column":17}},"12":{"start":{"line":17,"column":2},"end":{"line":19,"column":3}},"13":{"start":{"line":17,"column":15},"end":{"line":17,"column":16}},"14":{"start":{"line":18,"column":4},"end":{"line":18,"column":45}},"15":{"start":{"line":20,"column":2},"end":{"line":20,"column":16}},"16":{"start":{"line":22,"column":2},"end":{"line":79,"column":3}},"17":{"start":{"line":23,"column":43},"end":{"line":23,"column":51}},"18":{"start":{"line":26,"column":37},"end":{"line":26,"column":60}},"19":{"start":{"line":27,"column":4},"end":{"line":29,"column":5}},"20":{"start":{"line":28,"column":6},"end":{"line":28,"column":70}},"21":{"start":{"line":31,"column":29},"end":{"line":31,"column":58}},"22":{"start":{"line":32,"column":4},"end":{"line":34,"column":5}},"23":{"start":{"line":33,"column":6},"end":{"line":33,"column":67}},"24":{"start":{"line":36,"column":17},"end":{"line":36,"column":41}},"25":{"start":{"line":37,"column":24},"end":{"line":37,"column":89}},"26":{"start":{"line":40,"column":18},"end":{"line":45,"column":13}},"27":{"start":{"line":47,"column":17},"end":{"line":67,"column":19}},"28":{"start":{"line":69,"column":4},"end":{"line":75,"column":5}},"29":{"start":{"line":70,"column":6},"end":{"line":70,"column":77}},"30":{"start":{"line":71,"column":6},"end":{"line":71,"column":31}},"31":{"start":{"line":72,"column":6},"end":{"line":72,"column":82}},"32":{"start":{"line":74,"column":6},"end":{"line":74,"column":73}},"33":{"start":{"line":78,"column":4},"end":{"line":78,"column":78}},"34":{"start":{"line":82,"column":0},"end":{"line":100,"column":2}},"35":{"start":{"line":83,"column":2},"end":{"line":99,"column":3}},"36":{"start":{"line":84,"column":30},"end":{"line":84,"column":40}},"37":{"start":{"line":86,"column":17},"end":{"line":86,"column":44}},"38":{"start":{"line":87,"column":4},"end":{"line":87,"column":73}},"39":{"start":{"line":87,"column":15},"end":{"line":87,"column":73}},"40":{"start":{"line":89,"column":21},"end":{"line":89,"column":69}},"41":{"start":{"line":90,"column":4},"end":{"line":90,"column":87}},"42":{"start":{"line":90,"column":19},"end":{"line":90,"column":87}},"43":{"start":{"line":93,"column":4},"end":{"line":93,"column":76}},"44":{"start":{"line":94,"column":4},"end":{"line":94,"column":49}},"45":{"start":{"line":96,"column":4},"end":{"line":96,"column":71}},"46":{"start":{"line":98,"column":4},"end":{"line":98,"column":84}},"47":{"start":{"line":102,"column":0},"end":{"line":119,"column":2}},"48":{"start":{"line":103,"column":2},"end":{"line":118,"column":3}},"49":{"start":{"line":104,"column":35},"end":{"line":104,"column":45}},"50":{"start":{"line":106,"column":17},"end":{"line":106,"column":44}},"51":{"start":{"line":107,"column":4},"end":{"line":107,"column":73}},"52":{"start":{"line":107,"column":15},"end":{"line":107,"column":73}},"53":{"start":{"line":109,"column":21},"end":{"line":109,"column":74}},"54":{"start":{"line":110,"column":4},"end":{"line":110,"column":88}},"55":{"start":{"line":110,"column":19},"end":{"line":110,"column":88}},"56":{"start":{"line":112,"column":4},"end":{"line":112,"column":76}},"57":{"start":{"line":113,"column":4},"end":{"line":113,"column":49}},"58":{"start":{"line":115,"column":4},"end":{"line":115,"column":71}},"59":{"start":{"line":117,"column":4},"end":{"line":117,"column":84}},"60":{"start":{"line":121,"column":0},"end":{"line":140,"column":2}},"61":{"start":{"line":122,"column":2},"end":{"line":139,"column":3}},"62":{"start":{"line":123,"column":29},"end":{"line":123,"column":37}},"63":{"start":{"line":124,"column":17},"end":{"line":124,"column":46}},"64":{"start":{"line":126,"column":4},"end":{"line":126,"column":79}},"65":{"start":{"line":126,"column":15},"end":{"line":126,"column":79}},"66":{"start":{"line":128,"column":22},"end":{"line":128,"column":37}},"67":{"start":{"line":129,"column":4},"end":{"line":129,"column":112}},"68":{"start":{"line":129,"column":20},"end":{"line":129,"column":112}},"69":{"start":{"line":130,"column":24},"end":{"line":130,"column":62}},"70":{"start":{"line":131,"column":4},"end":{"line":131,"column":78}},"71":{"start":{"line":131,"column":22},"end":{"line":131,"column":78}},"72":{"start":{"line":133,"column":18},"end":{"line":133,"column":89}},"73":{"start":{"line":135,"column":4},"end":{"line":135,"column":65}},"74":{"start":{"line":138,"column":4},"end":{"line":138,"column":74}},"75":{"start":{"line":142,"column":0},"end":{"line":153,"column":2}},"76":{"start":{"line":143,"column":2},"end":{"line":152,"column":3}},"77":{"start":{"line":144,"column":18},"end":{"line":144,"column":56}},"78":{"start":{"line":145,"column":4},"end":{"line":149,"column":5}},"79":{"start":{"line":146,"column":6},"end":{"line":146,"column":73}},"80":{"start":{"line":148,"column":6},"end":{"line":148,"column":22}},"81":{"start":{"line":151,"column":4},"end":{"line":151,"column":84}},"82":{"start":{"line":156,"column":0},"end":{"line":168,"column":2}},"83":{"start":{"line":157,"column":2},"end":{"line":167,"column":3}},"84":{"start":{"line":158,"column":19},"end":{"line":158,"column":79}},"85":{"start":{"line":159,"column":4},"end":{"line":159,"column":74}},"86":{"start":{"line":159,"column":17},"end":{"line":159,"column":74}},"87":{"start":{"line":161,"column":17},"end":{"line":161,"column":65}},"88":{"start":{"line":162,"column":4},"end":{"line":162,"column":79}},"89":{"start":{"line":162,"column":15},"end":{"line":162,"column":79}},"90":{"start":{"line":164,"column":4},"end":{"line":164,"column":67}},"91":{"start":{"line":166,"column":4},"end":{"line":166,"column":82}},"92":{"start":{"line":171,"column":0},"end":{"line":200,"column":2}},"93":{"start":{"line":172,"column":2},"end":{"line":199,"column":3}},"94":{"start":{"line":173,"column":19},"end":{"line":173,"column":79}},"95":{"start":{"line":174,"column":4},"end":{"line":174,"column":74}},"96":{"start":{"line":174,"column":17},"end":{"line":174,"column":74}},"97":{"start":{"line":176,"column":42},"end":{"line":176,"column":50}},"98":{"start":{"line":177,"column":4},"end":{"line":179,"column":5}},"99":{"start":{"line":178,"column":6},"end":{"line":178,"column":83}},"100":{"start":{"line":180,"column":4},"end":{"line":182,"column":5}},"101":{"start":{"line":181,"column":6},"end":{"line":181,"column":72}},"102":{"start":{"line":184,"column":18},"end":{"line":184,"column":45}},"103":{"start":{"line":185,"column":4},"end":{"line":187,"column":5}},"104":{"start":{"line":186,"column":6},"end":{"line":186,"column":51}},"105":{"start":{"line":189,"column":17},"end":{"line":189,"column":44}},"106":{"start":{"line":190,"column":4},"end":{"line":190,"column":79}},"107":{"start":{"line":190,"column":15},"end":{"line":190,"column":79}},"108":{"start":{"line":192,"column":17},"end":{"line":192,"column":45}},"109":{"start":{"line":193,"column":4},"end":{"line":193,"column":22}},"110":{"start":{"line":194,"column":4},"end":{"line":194,"column":22}},"111":{"start":{"line":196,"column":4},"end":{"line":196,"column":69}},"112":{"start":{"line":198,"column":4},"end":{"line":198,"column":82}},"113":{"start":{"line":202,"column":0},"end":{"line":222,"column":2}},"114":{"start":{"line":203,"column":2},"end":{"line":221,"column":3}},"115":{"start":{"line":204,"column":30},"end":{"line":204,"column":44}},"116":{"start":{"line":205,"column":4},"end":{"line":207,"column":5}},"117":{"start":{"line":206,"column":6},"end":{"line":206,"column":71}},"118":{"start":{"line":209,"column":17},"end":{"line":209,"column":46}},"119":{"start":{"line":210,"column":4},"end":{"line":210,"column":73}},"120":{"start":{"line":210,"column":15},"end":{"line":210,"column":73}},"121":{"start":{"line":212,"column":21},"end":{"line":212,"column":82}},"122":{"start":{"line":213,"column":4},"end":{"line":213,"column":88}},"123":{"start":{"line":213,"column":19},"end":{"line":213,"column":88}},"124":{"start":{"line":215,"column":4},"end":{"line":215,"column":76}},"125":{"start":{"line":216,"column":4},"end":{"line":216,"column":49}},"126":{"start":{"line":218,"column":4},"end":{"line":218,"column":71}},"127":{"start":{"line":220,"column":4},"end":{"line":220,"column":84}},"128":{"start":{"line":224,"column":0},"end":{"line":278,"column":2}},"129":{"start":{"line":225,"column":2},"end":{"line":277,"column":3}},"130":{"start":{"line":226,"column":22},"end":{"line":226,"column":36}},"131":{"start":{"line":227,"column":4},"end":{"line":227,"column":74}},"132":{"start":{"line":227,"column":16},"end":{"line":227,"column":74}},"133":{"start":{"line":229,"column":17},"end":{"line":229,"column":46}},"134":{"start":{"line":230,"column":4},"end":{"line":230,"column":79}},"135":{"start":{"line":230,"column":15},"end":{"line":230,"column":79}},"136":{"start":{"line":231,"column":4},"end":{"line":231,"column":93}},"137":{"start":{"line":231,"column":25},"end":{"line":231,"column":93}},"138":{"start":{"line":233,"column":19},"end":{"line":233,"column":60}},"139":{"start":{"line":234,"column":20},"end":{"line":234,"column":70}},"140":{"start":{"line":235,"column":23},"end":{"line":235,"column":42}},"141":{"start":{"line":237,"column":4},"end":{"line":248,"column":5}},"142":{"start":{"line":238,"column":6},"end":{"line":243,"column":16}},"143":{"start":{"line":245,"column":6},"end":{"line":245,"column":39}},"144":{"start":{"line":246,"column":6},"end":{"line":246,"column":48}},"145":{"start":{"line":247,"column":6},"end":{"line":247,"column":28}},"146":{"start":{"line":250,"column":17},"end":{"line":270,"column":19}},"147":{"start":{"line":272,"column":4},"end":{"line":272,"column":74}},"148":{"start":{"line":274,"column":4},"end":{"line":274,"column":71}},"149":{"start":{"line":276,"column":4},"end":{"line":276,"column":84}}},"fnMap":{"0":{"name":"(anonymous_0)","decl":{"start":{"line":11,"column":20},"end":{"line":11,"column":21}},"loc":{"start":{"line":11,"column":40},"end":{"line":80,"column":1}},"line":11},"1":{"name":"generateCode","decl":{"start":{"line":13,"column":11},"end":{"line":13,"column":23}},"loc":{"start":{"line":13,"column":36},"end":{"line":21,"column":1}},"line":13},"2":{"name":"(anonymous_2)","decl":{"start":{"line":82,"column":25},"end":{"line":82,"column":26}},"loc":{"start":{"line":82,"column":45},"end":{"line":100,"column":1}},"line":82},"3":{"name":"(anonymous_3)","decl":{"start":{"line":102,"column":31},"end":{"line":102,"column":32}},"loc":{"start":{"line":102,"column":51},"end":{"line":119,"column":1}},"line":102},"4":{"name":"(anonymous_4)","decl":{"start":{"line":121,"column":16},"end":{"line":121,"column":17}},"loc":{"start":{"line":121,"column":36},"end":{"line":140,"column":1}},"line":121},"5":{"name":"(anonymous_5)","decl":{"start":{"line":142,"column":25},"end":{"line":142,"column":26}},"loc":{"start":{"line":142,"column":45},"end":{"line":153,"column":1}},"line":142},"6":{"name":"(anonymous_6)","decl":{"start":{"line":156,"column":13},"end":{"line":156,"column":14}},"loc":{"start":{"line":156,"column":33},"end":{"line":168,"column":1}},"line":156},"7":{"name":"(anonymous_7)","decl":{"start":{"line":171,"column":23},"end":{"line":171,"column":24}},"loc":{"start":{"line":171,"column":43},"end":{"line":200,"column":1}},"line":171},"8":{"name":"(anonymous_8)","decl":{"start":{"line":202,"column":35},"end":{"line":202,"column":36}},"loc":{"start":{"line":202,"column":55},"end":{"line":222,"column":1}},"line":202},"9":{"name":"(anonymous_9)","decl":{"start":{"line":224,"column":25},"end":{"line":224,"column":26}},"loc":{"start":{"line":224,"column":45},"end":{"line":278,"column":1}},"line":224}},"branchMap":{"0":{"loc":{"start":{"line":13,"column":24},"end":{"line":13,"column":34}},"type":"default-arg","locations":[{"start":{"line":13,"column":33},"end":{"line":13,"column":34}}],"line":13},"1":{"loc":{"start":{"line":27,"column":4},"end":{"line":29,"column":5}},"type":"if","locations":[{"start":{"line":27,"column":4},"end":{"line":29,"column":5}},{"start":{},"end":{}}],"line":27},"2":{"loc":{"start":{"line":32,"column":4},"end":{"line":34,"column":5}},"type":"if","locations":[{"start":{"line":32,"column":4},"end":{"line":34,"column":5}},{"start":{},"end":{}}],"line":32},"3":{"loc":{"start":{"line":87,"column":4},"end":{"line":87,"column":73}},"type":"if","locations":[{"start":{"line":87,"column":4},"end":{"line":87,"column":73}},{"start":{},"end":{}}],"line":87},"4":{"loc":{"start":{"line":90,"column":4},"end":{"line":90,"column":87}},"type":"if","locations":[{"start":{"line":90,"column":4},"end":{"line":90,"column":87}},{"start":{},"end":{}}],"line":90},"5":{"loc":{"start":{"line":107,"column":4},"end":{"line":107,"column":73}},"type":"if","locations":[{"start":{"line":107,"column":4},"end":{"line":107,"column":73}},{"start":{},"end":{}}],"line":107},"6":{"loc":{"start":{"line":110,"column":4},"end":{"line":110,"column":88}},"type":"if","locations":[{"start":{"line":110,"column":4},"end":{"line":110,"column":88}},{"start":{},"end":{}}],"line":110},"7":{"loc":{"start":{"line":126,"column":4},"end":{"line":126,"column":79}},"type":"if","locations":[{"start":{"line":126,"column":4},"end":{"line":126,"column":79}},{"start":{},"end":{}}],"line":126},"8":{"loc":{"start":{"line":129,"column":4},"end":{"line":129,"column":112}},"type":"if","locations":[{"start":{"line":129,"column":4},"end":{"line":129,"column":112}},{"start":{},"end":{}}],"line":129},"9":{"loc":{"start":{"line":131,"column":4},"end":{"line":131,"column":78}},"type":"if","locations":[{"start":{"line":131,"column":4},"end":{"line":131,"column":78}},{"start":{},"end":{}}],"line":131},"10":{"loc":{"start":{"line":145,"column":4},"end":{"line":149,"column":5}},"type":"if","locations":[{"start":{"line":145,"column":4},"end":{"line":149,"column":5}},{"start":{"line":147,"column":11},"end":{"line":149,"column":5}}],"line":145},"11":{"loc":{"start":{"line":158,"column":19},"end":{"line":158,"column":79}},"type":"binary-expr","locations":[{"start":{"line":158,"column":20},"end":{"line":158,"column":28}},{"start":{"line":158,"column":32},"end":{"line":158,"column":43}},{"start":{"line":158,"column":49},"end":{"line":158,"column":60}},{"start":{"line":158,"column":64},"end":{"line":158,"column":78}}],"line":158},"12":{"loc":{"start":{"line":159,"column":4},"end":{"line":159,"column":74}},"type":"if","locations":[{"start":{"line":159,"column":4},"end":{"line":159,"column":74}},{"start":{},"end":{}}],"line":159},"13":{"loc":{"start":{"line":162,"column":4},"end":{"line":162,"column":79}},"type":"if","locations":[{"start":{"line":162,"column":4},"end":{"line":162,"column":79}},{"start":{},"end":{}}],"line":162},"14":{"loc":{"start":{"line":173,"column":19},"end":{"line":173,"column":79}},"type":"binary-expr","locations":[{"start":{"line":173,"column":20},"end":{"line":173,"column":28}},{"start":{"line":173,"column":32},"end":{"line":173,"column":43}},{"start":{"line":173,"column":49},"end":{"line":173,"column":60}},{"start":{"line":173,"column":64},"end":{"line":173,"column":78}}],"line":173},"15":{"loc":{"start":{"line":174,"column":4},"end":{"line":174,"column":74}},"type":"if","locations":[{"start":{"line":174,"column":4},"end":{"line":174,"column":74}},{"start":{},"end":{}}],"line":174},"16":{"loc":{"start":{"line":177,"column":4},"end":{"line":179,"column":5}},"type":"if","locations":[{"start":{"line":177,"column":4},"end":{"line":179,"column":5}},{"start":{},"end":{}}],"line":177},"17":{"loc":{"start":{"line":177,"column":8},"end":{"line":177,"column":37}},"type":"binary-expr","locations":[{"start":{"line":177,"column":8},"end":{"line":177,"column":18}},{"start":{"line":177,"column":22},"end":{"line":177,"column":37}}],"line":177},"18":{"loc":{"start":{"line":180,"column":4},"end":{"line":182,"column":5}},"type":"if","locations":[{"start":{"line":180,"column":4},"end":{"line":182,"column":5}},{"start":{},"end":{}}],"line":180},"19":{"loc":{"start":{"line":185,"column":4},"end":{"line":187,"column":5}},"type":"if","locations":[{"start":{"line":185,"column":4},"end":{"line":187,"column":5}},{"start":{},"end":{}}],"line":185},"20":{"loc":{"start":{"line":190,"column":4},"end":{"line":190,"column":79}},"type":"if","locations":[{"start":{"line":190,"column":4},"end":{"line":190,"column":79}},{"start":{},"end":{}}],"line":190},"21":{"loc":{"start":{"line":204,"column":30},"end":{"line":204,"column":44}},"type":"binary-expr","locations":[{"start":{"line":204,"column":30},"end":{"line":204,"column":38}},{"start":{"line":204,"column":42},"end":{"line":204,"column":44}}],"line":204},"22":{"loc":{"start":{"line":205,"column":4},"end":{"line":207,"column":5}},"type":"if","locations":[{"start":{"line":205,"column":4},"end":{"line":207,"column":5}},{"start":{},"end":{}}],"line":205},"23":{"loc":{"start":{"line":205,"column":8},"end":{"line":205,"column":25}},"type":"binary-expr","locations":[{"start":{"line":205,"column":8},"end":{"line":205,"column":14}},{"start":{"line":205,"column":18},"end":{"line":205,"column":25}}],"line":205},"24":{"loc":{"start":{"line":210,"column":4},"end":{"line":210,"column":73}},"type":"if","locations":[{"start":{"line":210,"column":4},"end":{"line":210,"column":73}},{"start":{},"end":{}}],"line":210},"25":{"loc":{"start":{"line":213,"column":4},"end":{"line":213,"column":88}},"type":"if","locations":[{"start":{"line":213,"column":4},"end":{"line":213,"column":88}},{"start":{},"end":{}}],"line":213},"26":{"loc":{"start":{"line":226,"column":22},"end":{"line":226,"column":36}},"type":"binary-expr","locations":[{"start":{"line":226,"column":22},"end":{"line":226,"column":30}},{"start":{"line":226,"column":34},"end":{"line":226,"column":36}}],"line":226},"27":{"loc":{"start":{"line":227,"column":4},"end":{"line":227,"column":74}},"type":"if","locations":[{"start":{"line":227,"column":4},"end":{"line":227,"column":74}},{"start":{},"end":{}}],"line":227},"28":{"loc":{"start":{"line":230,"column":4},"end":{"line":230,"column":79}},"type":"if","locations":[{"start":{"line":230,"column":4},"end":{"line":230,"column":79}},{"start":{},"end":{}}],"line":230},"29":{"loc":{"start":{"line":231,"column":4},"end":{"line":231,"column":93}},"type":"if","locations":[{"start":{"line":231,"column":4},"end":{"line":231,"column":93}},{"start":{},"end":{}}],"line":231},"30":{"loc":{"start":{"line":237,"column":4},"end":{"line":248,"column":5}},"type":"if","locations":[{"start":{"line":237,"column":4},"end":{"line":248,"column":5}},{"start":{"line":244,"column":11},"end":{"line":248,"column":5}}],"line":237}},"s":{"0":1,"1":1,"2":1,"3":1,"4":1,"5":1,"6":1,"7":1,"8":1,"9":1,"10":1,"11":1,"12":1,"13":1,"14":6,"15":1,"16":2,"17":2,"18":2,"19":2,"20":1,"21":1,"22":1,"23":0,"24":1,"25":1,"26":1,"27":1,"28":1,"29":1,"30":1,"31":1,"32":0,"33":0,"34":1,"35":2,"36":2,"37":2,"38":2,"39":1,"40":1,"41":1,"42":0,"43":1,"44":1,"45":1,"46":0,"47":1,"48":1,"49":1,"50":1,"51":1,"52":0,"53":1,"54":1,"55":0,"56":1,"57":1,"58":1,"59":0,"60":1,"61":2,"62":2,"63":2,"64":2,"65":1,"66":1,"67":1,"68":0,"69":1,"70":1,"71":0,"72":1,"73":1,"74":0,"75":1,"76":2,"77":2,"78":2,"79":1,"80":1,"81":0,"82":1,"83":2,"84":2,"85":2,"86":1,"87":1,"88":1,"89":0,"90":1,"91":0,"92":1,"93":1,"94":1,"95":1,"96":0,"97":1,"98":1,"99":0,"100":1,"101":0,"102":1,"103":1,"104":0,"105":1,"106":1,"107":0,"108":1,"109":1,"110":1,"111":1,"112":0,"113":1,"114":2,"115":2,"116":2,"117":1,"118":1,"119":1,"120":0,"121":1,"122":1,"123":0,"124":1,"125":1,"126":1,"127":0,"128":1,"129":2,"130":2,"131":2,"132":1,"133":1,"134":1,"135":0,"136":1,"137":0,"138":1,"139":1,"140":1,"141":1,"142":1,"143":0,"144":0,"145":0,"146":1,"147":1,"148":1,"149":0},"f":{"0":2,"1":1,"2":2,"3":1,"4":2,"5":2,"6":2,"7":1,"8":2,"9":2},"b":{"0":[0],"1":[1,1],"2":[0,1],"3":[1,1],"4":[0,1],"5":[0,1],"6":[0,1],"7":[1,1],"8":[0,1],"9":[0,1],"10":[1,1],"11":[2,1,1,0],"12":[1,1],"13":[0,1],"14":[1,1,0,0],"15":[0,1],"16":[0,1],"17":[1,1],"18":[0,1],"19":[0,1],"20":[0,1],"21":[2,0],"22":[1,1],"23":[2,2],"24":[0,1],"25":[0,1],"26":[2,0],"27":[1,1],"28":[0,1],"29":[0,1],"30":[1,0]},"_coverageSchema":"1a1c01bbd47fc00a2c39e90264f33305004495a9","hash":"4e6376199b3784fbcffb7c09cae35aed2fed7ef6"}
,"C:\\Users\\Usuario\\Desktop\\Flowly\\backend\\controllers\\conviteController.js": {"path":"C:\\Users\\Usuario\\Desktop\\Flowly\\backend\\controllers\\conviteController.js","statementMap":{"0":{"start":{"line":1,"column":12},"end":{"line":1,"column":35}},"1":{"start":{"line":2,"column":16},"end":{"line":2,"column":47}},"2":{"start":{"line":3,"column":15},"end":{"line":3,"column":45}},"3":{"start":{"line":4,"column":13},"end":{"line":4,"column":41}},"4":{"start":{"line":5,"column":18},"end":{"line":5,"column":50}},"5":{"start":{"line":7,"column":0},"end":{"line":68,"column":2}},"6":{"start":{"line":8,"column":2},"end":{"line":67,"column":3}},"7":{"start":{"line":9,"column":19},"end":{"line":9,"column":30}},"8":{"start":{"line":10,"column":17},"end":{"line":10,"column":44}},"9":{"start":{"line":11,"column":4},"end":{"line":11,"column":75}},"10":{"start":{"line":11,"column":15},"end":{"line":11,"column":75}},"11":{"start":{"line":12,"column":25},"end":{"line":12,"column":35}},"12":{"start":{"line":14,"column":19},"end":{"line":14,"column":50}},"13":{"start":{"line":15,"column":4},"end":{"line":17,"column":5}},"14":{"start":{"line":16,"column":6},"end":{"line":16,"column":73}},"15":{"start":{"line":19,"column":25},"end":{"line":19,"column":36}},"16":{"start":{"line":21,"column":22},"end":{"line":21,"column":30}},"17":{"start":{"line":22,"column":4},"end":{"line":24,"column":5}},"18":{"start":{"line":23,"column":6},"end":{"line":23,"column":71}},"19":{"start":{"line":26,"column":22},"end":{"line":26,"column":58}},"20":{"start":{"line":27,"column":4},"end":{"line":64,"column":5}},"21":{"start":{"line":28,"column":23},"end":{"line":30,"column":7}},"22":{"start":{"line":29,"column":15},"end":{"line":29,"column":55}},"23":{"start":{"line":32,"column":6},"end":{"line":34,"column":7}},"24":{"start":{"line":33,"column":8},"end":{"line":33,"column":83}},"25":{"start":{"line":36,"column":6},"end":{"line":59,"column":5}},"26":{"start":{"line":37,"column":21},"end":{"line":55,"column":23}},"27":{"start":{"line":56,"column":8},"end":{"line":56,"column":84}},"28":{"start":{"line":58,"column":6},"end":{"line":58,"column":69}},"29":{"start":{"line":61,"column":4},"end":{"line":61,"column":70}},"30":{"start":{"line":63,"column":6},"end":{"line":63,"column":82}},"31":{"start":{"line":66,"column":4},"end":{"line":66,"column":51}}},"fnMap":{"0":{"name":"(anonymous_0)","decl":{"start":{"line":7,"column":25},"end":{"line":7,"column":26}},"loc":{"start":{"line":7,"column":45},"end":{"line":68,"column":1}},"line":7},"1":{"name":"(anonymous_1)","decl":{"start":{"line":29,"column":8},"end":{"line":29,"column":9}},"loc":{"start":{"line":29,"column":15},"end":{"line":29,"column":55}},"line":29}},"branchMap":{"0":{"loc":{"start":{"line":11,"column":4},"end":{"line":11,"column":75}},"type":"if","locations":[{"start":{"line":11,"column":4},"end":{"line":11,"column":75}},{"start":{},"end":{}}],"line":11},"1":{"loc":{"start":{"line":15,"column":4},"end":{"line":17,"column":5}},"type":"if","locations":[{"start":{"line":15,"column":4},"end":{"line":17,"column":5}},{"start":{},"end":{}}],"line":15},"2":{"loc":{"start":{"line":22,"column":4},"end":{"line":24,"column":5}},"type":"if","locations":[{"start":{"line":22,"column":4},"end":{"line":24,"column":5}},{"start":{},"end":{}}],"line":22},"3":{"loc":{"start":{"line":27,"column":4},"end":{"line":64,"column":5}},"type":"if","locations":[{"start":{"line":27,"column":4},"end":{"line":64,"column":5}},{"start":{"line":62,"column":11},"end":{"line":64,"column":5}}],"line":27},"4":{"loc":{"start":{"line":32,"column":6},"end":{"line":34,"column":7}},"type":"if","locations":[{"start":{"line":32,"column":6},"end":{"line":34,"column":7}},{"start":{},"end":{}}],"line":32}},"s":{"0":1,"1":1,"2":1,"3":1,"4":1,"5":1,"6":3,"7":3,"8":3,"9":3,"10":0,"11":3,"12":3,"13":3,"14":0,"15":3,"16":3,"17":3,"18":1,"19":2,"20":2,"21":2,"22":2,"23":2,"24":1,"25":1,"26":1,"27":1,"28":0,"29":1,"30":0,"31":0},"f":{"0":3,"1":2},"b":{"0":[0,3],"1":[0,3],"2":[1,2],"3":[2,0],"4":[1,1]},"_coverageSchema":"1a1c01bbd47fc00a2c39e90264f33305004495a9","hash":"a91669edbf4d7c993aaf1476a52bf12af502719f"}
,"C:\\Users\\Usuario\\Desktop\\Flowly\\backend\\controllers\\equipeController.js": {"path":"C:\\Users\\Usuario\\Desktop\\Flowly\\backend\\controllers\\equipeController.js","statementMap":{"0":{"start":{"line":1,"column":15},"end":{"line":1,"column":42}},"1":{"start":{"line":2,"column":13},"end":{"line":2,"column":38}},"2":{"start":{"line":4,"column":0},"end":{"line":51,"column":2}},"3":{"start":{"line":5,"column":2},"end":{"line":50,"column":3}},"4":{"start":{"line":6,"column":19},"end":{"line":6,"column":30}},"5":{"start":{"line":7,"column":17},"end":{"line":7,"column":44}},"6":{"start":{"line":8,"column":4},"end":{"line":8,"column":75}},"7":{"start":{"line":8,"column":15},"end":{"line":8,"column":75}},"8":{"start":{"line":10,"column":60},"end":{"line":10,"column":68}},"9":{"start":{"line":13,"column":4},"end":{"line":15,"column":5}},"10":{"start":{"line":14,"column":6},"end":{"line":14,"column":78}},"11":{"start":{"line":19,"column":6},"end":{"line":23,"column":7}},"12":{"start":{"line":19,"column":19},"end":{"line":19,"column":20}},"13":{"start":{"line":20,"column":21},"end":{"line":20,"column":68}},"14":{"start":{"line":21,"column":26},"end":{"line":21,"column":63}},"15":{"start":{"line":22,"column":8},"end":{"line":22,"column":36}},"16":{"start":{"line":22,"column":24},"end":{"line":22,"column":36}},"17":{"start":{"line":24,"column":6},"end":{"line":24,"column":61}},"18":{"start":{"line":27,"column":17},"end":{"line":27,"column":41}},"19":{"start":{"line":30,"column":23},"end":{"line":30,"column":89}},"20":{"start":{"line":31,"column":4},"end":{"line":31,"column":28}},"21":{"start":{"line":34,"column":4},"end":{"line":34,"column":61}},"22":{"start":{"line":35,"column":4},"end":{"line":35,"column":28}},"23":{"start":{"line":37,"column":4},"end":{"line":43,"column":5}},"24":{"start":{"line":38,"column":6},"end":{"line":38,"column":40}},"25":{"start":{"line":39,"column":6},"end":{"line":39,"column":40}},"26":{"start":{"line":40,"column":6},"end":{"line":40,"column":24}},"27":{"start":{"line":42,"column":6},"end":{"line":42,"column":74}},"28":{"start":{"line":46,"column":27},"end":{"line":46,"column":98}},"29":{"start":{"line":47,"column":4},"end":{"line":47,"column":41}},"30":{"start":{"line":49,"column":4},"end":{"line":49,"column":81}},"31":{"start":{"line":53,"column":0},"end":{"line":61,"column":2}},"32":{"start":{"line":54,"column":2},"end":{"line":60,"column":3}},"33":{"start":{"line":55,"column":19},"end":{"line":55,"column":42}},"34":{"start":{"line":56,"column":20},"end":{"line":56,"column":103}},"35":{"start":{"line":57,"column":4},"end":{"line":57,"column":22}},"36":{"start":{"line":59,"column":4},"end":{"line":59,"column":61}},"37":{"start":{"line":63,"column":0},"end":{"line":75,"column":2}},"38":{"start":{"line":64,"column":2},"end":{"line":74,"column":3}},"39":{"start":{"line":65,"column":15},"end":{"line":65,"column":51}},"40":{"start":{"line":66,"column":19},"end":{"line":66,"column":82}},"41":{"start":{"line":67,"column":4},"end":{"line":67,"column":80}},"42":{"start":{"line":67,"column":17},"end":{"line":67,"column":80}},"43":{"start":{"line":68,"column":19},"end":{"line":68,"column":42}},"44":{"start":{"line":69,"column":19},"end":{"line":69,"column":101}},"45":{"start":{"line":69,"column":52},"end":{"line":69,"column":100}},"46":{"start":{"line":70,"column":4},"end":{"line":70,"column":96}},"47":{"start":{"line":70,"column":17},"end":{"line":70,"column":96}},"48":{"start":{"line":71,"column":4},"end":{"line":71,"column":21}},"49":{"start":{"line":73,"column":4},"end":{"line":73,"column":60}},"50":{"start":{"line":77,"column":0},"end":{"line":97,"column":2}},"51":{"start":{"line":78,"column":2},"end":{"line":96,"column":3}},"52":{"start":{"line":79,"column":51},"end":{"line":79,"column":59}},"53":{"start":{"line":80,"column":15},"end":{"line":80,"column":51}},"54":{"start":{"line":82,"column":29},"end":{"line":86,"column":43}},"55":{"start":{"line":88,"column":4},"end":{"line":90,"column":5}},"56":{"start":{"line":89,"column":6},"end":{"line":89,"column":69}},"57":{"start":{"line":92,"column":4},"end":{"line":92,"column":31}},"58":{"start":{"line":94,"column":4},"end":{"line":94,"column":57}},"59":{"start":{"line":95,"column":4},"end":{"line":95,"column":82}},"60":{"start":{"line":100,"column":0},"end":{"line":108,"column":2}},"61":{"start":{"line":101,"column":2},"end":{"line":107,"column":3}},"62":{"start":{"line":102,"column":15},"end":{"line":102,"column":51}},"63":{"start":{"line":103,"column":4},"end":{"line":103,"column":39}},"64":{"start":{"line":104,"column":4},"end":{"line":104,"column":53}},"65":{"start":{"line":106,"column":4},"end":{"line":106,"column":61}},"66":{"start":{"line":110,"column":0},"end":{"line":125,"column":2}},"67":{"start":{"line":111,"column":2},"end":{"line":124,"column":3}},"68":{"start":{"line":112,"column":15},"end":{"line":112,"column":51}},"69":{"start":{"line":113,"column":19},"end":{"line":113,"column":42}},"70":{"start":{"line":114,"column":21},"end":{"line":114,"column":77}},"71":{"start":{"line":115,"column":19},"end":{"line":115,"column":51}},"72":{"start":{"line":116,"column":4},"end":{"line":116,"column":80}},"73":{"start":{"line":116,"column":17},"end":{"line":116,"column":80}},"74":{"start":{"line":117,"column":4},"end":{"line":117,"column":98}},"75":{"start":{"line":117,"column":19},"end":{"line":117,"column":98}},"76":{"start":{"line":118,"column":16},"end":{"line":118,"column":71}},"77":{"start":{"line":118,"column":48},"end":{"line":118,"column":54}},"78":{"start":{"line":119,"column":21},"end":{"line":119,"column":87}},"79":{"start":{"line":120,"column":20},"end":{"line":120,"column":85}},"80":{"start":{"line":120,"column":39},"end":{"line":120,"column":83}},"81":{"start":{"line":121,"column":4},"end":{"line":121,"column":22}},"82":{"start":{"line":123,"column":4},"end":{"line":123,"column":71}},"83":{"start":{"line":128,"column":0},"end":{"line":138,"column":2}},"84":{"start":{"line":129,"column":2},"end":{"line":137,"column":3}},"85":{"start":{"line":130,"column":17},"end":{"line":130,"column":45}},"86":{"start":{"line":131,"column":4},"end":{"line":131,"column":91}},"87":{"start":{"line":131,"column":34},"end":{"line":131,"column":91}},"88":{"start":{"line":132,"column":19},"end":{"line":132,"column":87}},"89":{"start":{"line":133,"column":4},"end":{"line":133,"column":80}},"90":{"start":{"line":133,"column":17},"end":{"line":133,"column":80}},"91":{"start":{"line":134,"column":4},"end":{"line":134,"column":21}},"92":{"start":{"line":136,"column":4},"end":{"line":136,"column":64}},"93":{"start":{"line":141,"column":0},"end":{"line":156,"column":2}},"94":{"start":{"line":142,"column":2},"end":{"line":155,"column":3}},"95":{"start":{"line":143,"column":15},"end":{"line":143,"column":51}},"96":{"start":{"line":144,"column":19},"end":{"line":144,"column":42}},"97":{"start":{"line":145,"column":4},"end":{"line":145,"column":74}},"98":{"start":{"line":145,"column":17},"end":{"line":145,"column":74}},"99":{"start":{"line":146,"column":19},"end":{"line":146,"column":44}},"100":{"start":{"line":147,"column":4},"end":{"line":147,"column":80}},"101":{"start":{"line":147,"column":17},"end":{"line":147,"column":80}},"102":{"start":{"line":148,"column":21},"end":{"line":148,"column":88}},"103":{"start":{"line":148,"column":54},"end":{"line":148,"column":87}},"104":{"start":{"line":149,"column":4},"end":{"line":149,"column":89}},"105":{"start":{"line":149,"column":18},"end":{"line":149,"column":89}},"106":{"start":{"line":150,"column":4},"end":{"line":150,"column":58}},"107":{"start":{"line":151,"column":4},"end":{"line":151,"column":24}},"108":{"start":{"line":152,"column":4},"end":{"line":152,"column":81}},"109":{"start":{"line":154,"column":4},"end":{"line":154,"column":63}}},"fnMap":{"0":{"name":"(anonymous_0)","decl":{"start":{"line":4,"column":22},"end":{"line":4,"column":23}},"loc":{"start":{"line":4,"column":42},"end":{"line":51,"column":1}},"line":4},"1":{"name":"gerarCodigoUnico","decl":{"start":{"line":18,"column":19},"end":{"line":18,"column":35}},"loc":{"start":{"line":18,"column":38},"end":{"line":25,"column":5}},"line":18},"2":{"name":"(anonymous_2)","decl":{"start":{"line":53,"column":24},"end":{"line":53,"column":25}},"loc":{"start":{"line":53,"column":44},"end":{"line":61,"column":1}},"line":53},"3":{"name":"(anonymous_3)","decl":{"start":{"line":63,"column":22},"end":{"line":63,"column":23}},"loc":{"start":{"line":63,"column":42},"end":{"line":75,"column":1}},"line":63},"4":{"name":"(anonymous_4)","decl":{"start":{"line":69,"column":47},"end":{"line":69,"column":48}},"loc":{"start":{"line":69,"column":52},"end":{"line":69,"column":100}},"line":69},"5":{"name":"(anonymous_5)","decl":{"start":{"line":77,"column":23},"end":{"line":77,"column":24}},"loc":{"start":{"line":77,"column":43},"end":{"line":97,"column":1}},"line":77},"6":{"name":"(anonymous_6)","decl":{"start":{"line":100,"column":24},"end":{"line":100,"column":25}},"loc":{"start":{"line":100,"column":44},"end":{"line":108,"column":1}},"line":100},"7":{"name":"(anonymous_7)","decl":{"start":{"line":110,"column":29},"end":{"line":110,"column":30}},"loc":{"start":{"line":110,"column":49},"end":{"line":125,"column":1}},"line":110},"8":{"name":"(anonymous_8)","decl":{"start":{"line":118,"column":43},"end":{"line":118,"column":44}},"loc":{"start":{"line":118,"column":48},"end":{"line":118,"column":54}},"line":118},"9":{"name":"(anonymous_9)","decl":{"start":{"line":120,"column":33},"end":{"line":120,"column":34}},"loc":{"start":{"line":120,"column":39},"end":{"line":120,"column":83}},"line":120},"10":{"name":"(anonymous_10)","decl":{"start":{"line":128,"column":31},"end":{"line":128,"column":32}},"loc":{"start":{"line":128,"column":51},"end":{"line":138,"column":1}},"line":128},"11":{"name":"(anonymous_11)","decl":{"start":{"line":141,"column":25},"end":{"line":141,"column":26}},"loc":{"start":{"line":141,"column":45},"end":{"line":156,"column":1}},"line":141},"12":{"name":"(anonymous_12)","decl":{"start":{"line":148,"column":49},"end":{"line":148,"column":50}},"loc":{"start":{"line":148,"column":54},"end":{"line":148,"column":87}},"line":148}},"branchMap":{"0":{"loc":{"start":{"line":8,"column":4},"end":{"line":8,"column":75}},"type":"if","locations":[{"start":{"line":8,"column":4},"end":{"line":8,"column":75}},{"start":{},"end":{}}],"line":8},"1":{"loc":{"start":{"line":13,"column":4},"end":{"line":15,"column":5}},"type":"if","locations":[{"start":{"line":13,"column":4},"end":{"line":15,"column":5}},{"start":{},"end":{}}],"line":13},"2":{"loc":{"start":{"line":13,"column":8},"end":{"line":13,"column":35}},"type":"binary-expr","locations":[{"start":{"line":13,"column":8},"end":{"line":13,"column":13}},{"start":{"line":13,"column":17},"end":{"line":13,"column":35}}],"line":13},"3":{"loc":{"start":{"line":22,"column":8},"end":{"line":22,"column":36}},"type":"if","locations":[{"start":{"line":22,"column":8},"end":{"line":22,"column":36}},{"start":{},"end":{}}],"line":22},"4":{"loc":{"start":{"line":38,"column":21},"end":{"line":38,"column":39}},"type":"binary-expr","locations":[{"start":{"line":38,"column":21},"end":{"line":38,"column":33}},{"start":{"line":38,"column":37},"end":{"line":38,"column":39}}],"line":38},"5":{"loc":{"start":{"line":55,"column":19},"end":{"line":55,"column":42}},"type":"binary-expr","locations":[{"start":{"line":55,"column":19},"end":{"line":55,"column":27}},{"start":{"line":55,"column":31},"end":{"line":55,"column":42}}],"line":55},"6":{"loc":{"start":{"line":65,"column":15},"end":{"line":65,"column":51}},"type":"binary-expr","locations":[{"start":{"line":65,"column":15},"end":{"line":65,"column":34}},{"start":{"line":65,"column":38},"end":{"line":65,"column":51}}],"line":65},"7":{"loc":{"start":{"line":67,"column":4},"end":{"line":67,"column":80}},"type":"if","locations":[{"start":{"line":67,"column":4},"end":{"line":67,"column":80}},{"start":{},"end":{}}],"line":67},"8":{"loc":{"start":{"line":68,"column":19},"end":{"line":68,"column":42}},"type":"binary-expr","locations":[{"start":{"line":68,"column":19},"end":{"line":68,"column":27}},{"start":{"line":68,"column":31},"end":{"line":68,"column":42}}],"line":68},"9":{"loc":{"start":{"line":69,"column":20},"end":{"line":69,"column":40}},"type":"binary-expr","locations":[{"start":{"line":69,"column":20},"end":{"line":69,"column":34}},{"start":{"line":69,"column":38},"end":{"line":69,"column":40}}],"line":69},"10":{"loc":{"start":{"line":69,"column":59},"end":{"line":69,"column":80}},"type":"binary-expr","locations":[{"start":{"line":69,"column":59},"end":{"line":69,"column":70}},{"start":{"line":69,"column":74},"end":{"line":69,"column":80}}],"line":69},"11":{"loc":{"start":{"line":70,"column":4},"end":{"line":70,"column":96}},"type":"if","locations":[{"start":{"line":70,"column":4},"end":{"line":70,"column":96}},{"start":{},"end":{}}],"line":70},"12":{"loc":{"start":{"line":80,"column":15},"end":{"line":80,"column":51}},"type":"binary-expr","locations":[{"start":{"line":80,"column":15},"end":{"line":80,"column":34}},{"start":{"line":80,"column":38},"end":{"line":80,"column":51}}],"line":80},"13":{"loc":{"start":{"line":88,"column":4},"end":{"line":90,"column":5}},"type":"if","locations":[{"start":{"line":88,"column":4},"end":{"line":90,"column":5}},{"start":{},"end":{}}],"line":88},"14":{"loc":{"start":{"line":102,"column":15},"end":{"line":102,"column":51}},"type":"binary-expr","locations":[{"start":{"line":102,"column":15},"end":{"line":102,"column":34}},{"start":{"line":102,"column":38},"end":{"line":102,"column":51}}],"line":102},"15":{"loc":{"start":{"line":112,"column":15},"end":{"line":112,"column":51}},"type":"binary-expr","locations":[{"start":{"line":112,"column":15},"end":{"line":112,"column":34}},{"start":{"line":112,"column":38},"end":{"line":112,"column":51}}],"line":112},"16":{"loc":{"start":{"line":113,"column":19},"end":{"line":113,"column":42}},"type":"binary-expr","locations":[{"start":{"line":113,"column":19},"end":{"line":113,"column":27}},{"start":{"line":113,"column":31},"end":{"line":113,"column":42}}],"line":113},"17":{"loc":{"start":{"line":116,"column":4},"end":{"line":116,"column":80}},"type":"if","locations":[{"start":{"line":116,"column":4},"end":{"line":116,"column":80}},{"start":{},"end":{}}],"line":116},"18":{"loc":{"start":{"line":117,"column":4},"end":{"line":117,"column":98}},"type":"if","locations":[{"start":{"line":117,"column":4},"end":{"line":117,"column":98}},{"start":{},"end":{}}],"line":117},"19":{"loc":{"start":{"line":118,"column":17},"end":{"line":118,"column":37}},"type":"binary-expr","locations":[{"start":{"line":118,"column":17},"end":{"line":118,"column":31}},{"start":{"line":118,"column":35},"end":{"line":118,"column":37}}],"line":118},"20":{"loc":{"start":{"line":120,"column":47},"end":{"line":120,"column":59}},"type":"binary-expr","locations":[{"start":{"line":120,"column":47},"end":{"line":120,"column":53}},{"start":{"line":120,"column":57},"end":{"line":120,"column":59}}],"line":120},"21":{"loc":{"start":{"line":120,"column":68},"end":{"line":120,"column":81}},"type":"binary-expr","locations":[{"start":{"line":120,"column":68},"end":{"line":120,"column":75}},{"start":{"line":120,"column":79},"end":{"line":120,"column":81}}],"line":120},"22":{"loc":{"start":{"line":130,"column":24},"end":{"line":130,"column":44}},"type":"binary-expr","locations":[{"start":{"line":130,"column":24},"end":{"line":130,"column":38}},{"start":{"line":130,"column":42},"end":{"line":130,"column":44}}],"line":130},"23":{"loc":{"start":{"line":131,"column":4},"end":{"line":131,"column":91}},"type":"if","locations":[{"start":{"line":131,"column":4},"end":{"line":131,"column":91}},{"start":{},"end":{}}],"line":131},"24":{"loc":{"start":{"line":133,"column":4},"end":{"line":133,"column":80}},"type":"if","locations":[{"start":{"line":133,"column":4},"end":{"line":133,"column":80}},{"start":{},"end":{}}],"line":133},"25":{"loc":{"start":{"line":143,"column":15},"end":{"line":143,"column":51}},"type":"binary-expr","locations":[{"start":{"line":143,"column":15},"end":{"line":143,"column":34}},{"start":{"line":143,"column":38},"end":{"line":143,"column":51}}],"line":143},"26":{"loc":{"start":{"line":144,"column":19},"end":{"line":144,"column":42}},"type":"binary-expr","locations":[{"start":{"line":144,"column":19},"end":{"line":144,"column":27}},{"start":{"line":144,"column":31},"end":{"line":144,"column":42}}],"line":144},"27":{"loc":{"start":{"line":145,"column":4},"end":{"line":145,"column":74}},"type":"if","locations":[{"start":{"line":145,"column":4},"end":{"line":145,"column":74}},{"start":{},"end":{}}],"line":145},"28":{"loc":{"start":{"line":147,"column":4},"end":{"line":147,"column":80}},"type":"if","locations":[{"start":{"line":147,"column":4},"end":{"line":147,"column":80}},{"start":{},"end":{}}],"line":147},"29":{"loc":{"start":{"line":148,"column":22},"end":{"line":148,"column":42}},"type":"binary-expr","locations":[{"start":{"line":148,"column":22},"end":{"line":148,"column":36}},{"start":{"line":148,"column":40},"end":{"line":148,"column":42}}],"line":148},"30":{"loc":{"start":{"line":149,"column":4},"end":{"line":149,"column":89}},"type":"if","locations":[{"start":{"line":149,"column":4},"end":{"line":149,"column":89}},{"start":{},"end":{}}],"line":149}},"s":{"0":1,"1":1,"2":1,"3":2,"4":2,"5":2,"6":2,"7":0,"8":2,"9":2,"10":1,"11":1,"12":1,"13":1,"14":1,"15":1,"16":1,"17":0,"18":1,"19":1,"20":1,"21":1,"22":1,"23":1,"24":1,"25":1,"26":1,"27":0,"28":1,"29":1,"30":0,"31":1,"32":1,"33":1,"34":1,"35":1,"36":0,"37":1,"38":2,"39":2,"40":2,"41":2,"42":0,"43":2,"44":2,"45":2,"46":2,"47":1,"48":1,"49":0,"50":1,"51":2,"52":2,"53":2,"54":2,"55":2,"56":1,"57":1,"58":0,"59":0,"60":1,"61":1,"62":1,"63":1,"64":1,"65":0,"66":1,"67":2,"68":2,"69":2,"70":2,"71":2,"72":2,"73":0,"74":2,"75":1,"76":1,"77":2,"78":1,"79":1,"80":2,"81":1,"82":0,"83":1,"84":3,"85":3,"86":3,"87":1,"88":2,"89":2,"90":1,"91":1,"92":0,"93":1,"94":2,"95":2,"96":2,"97":2,"98":0,"99":2,"100":2,"101":0,"102":2,"103":2,"104":2,"105":1,"106":1,"107":1,"108":1,"109":0},"f":{"0":2,"1":1,"2":1,"3":2,"4":2,"5":2,"6":1,"7":2,"8":2,"9":2,"10":3,"11":2,"12":2},"b":{"0":[0,2],"1":[1,1],"2":[2,2],"3":[1,0],"4":[1,0],"5":[1,1],"6":[2,2],"7":[0,2],"8":[2,2],"9":[2,0],"10":[2,2],"11":[1,1],"12":[2,2],"13":[1,1],"14":[1,1],"15":[2,2],"16":[2,2],"17":[0,2],"18":[1,1],"19":[1,0],"20":[2,0],"21":[2,0],"22":[3,0],"23":[1,2],"24":[1,1],"25":[2,2],"26":[2,2],"27":[0,2],"28":[0,2],"29":[2,0],"30":[1,1]},"_coverageSchema":"1a1c01bbd47fc00a2c39e90264f33305004495a9","hash":"752049a12e80562bf5881942d2c0ce351cf3e394"}
,"C:\\Users\\Usuario\\Desktop\\Flowly\\backend\\controllers\\projetoController.js": {"path":"C:\\Users\\Usuario\\Desktop\\Flowly\\backend\\controllers\\projetoController.js","statementMap":{"0":{"start":{"line":1,"column":16},"end":{"line":1,"column":44}},"1":{"start":{"line":2,"column":15},"end":{"line":2,"column":42}},"2":{"start":{"line":3,"column":13},"end":{"line":3,"column":38}},"3":{"start":{"line":6,"column":0},"end":{"line":57,"column":2}},"4":{"start":{"line":7,"column":2},"end":{"line":56,"column":3}},"5":{"start":{"line":8,"column":40},"end":{"line":8,"column":48}},"6":{"start":{"line":10,"column":4},"end":{"line":12,"column":5}},"7":{"start":{"line":11,"column":6},"end":{"line":11,"column":91}},"8":{"start":{"line":14,"column":22},"end":{"line":14,"column":51}},"9":{"start":{"line":15,"column":4},"end":{"line":15,"column":83}},"10":{"start":{"line":15,"column":20},"end":{"line":15,"column":83}},"11":{"start":{"line":17,"column":19},"end":{"line":17,"column":42}},"12":{"start":{"line":18,"column":4},"end":{"line":18,"column":82}},"13":{"start":{"line":18,"column":17},"end":{"line":18,"column":82}},"14":{"start":{"line":20,"column":19},"end":{"line":20,"column":76}},"15":{"start":{"line":20,"column":47},"end":{"line":20,"column":75}},"16":{"start":{"line":21,"column":4},"end":{"line":23,"column":5}},"17":{"start":{"line":22,"column":6},"end":{"line":22,"column":91}},"18":{"start":{"line":25,"column":20},"end":{"line":25,"column":60}},"19":{"start":{"line":26,"column":4},"end":{"line":26,"column":25}},"20":{"start":{"line":28,"column":4},"end":{"line":34,"column":5}},"21":{"start":{"line":29,"column":6},"end":{"line":29,"column":52}},"22":{"start":{"line":30,"column":6},"end":{"line":30,"column":43}},"23":{"start":{"line":31,"column":6},"end":{"line":31,"column":29}},"24":{"start":{"line":33,"column":6},"end":{"line":33,"column":74}},"25":{"start":{"line":36,"column":4},"end":{"line":51,"column":5}},"26":{"start":{"line":37,"column":6},"end":{"line":48,"column":7}},"27":{"start":{"line":38,"column":25},"end":{"line":38,"column":36}},"28":{"start":{"line":39,"column":8},"end":{"line":39,"column":32}},"29":{"start":{"line":39,"column":23},"end":{"line":39,"column":32}},"30":{"start":{"line":40,"column":27},"end":{"line":40,"column":56}},"31":{"start":{"line":41,"column":8},"end":{"line":41,"column":34}},"32":{"start":{"line":41,"column":25},"end":{"line":41,"column":34}},"33":{"start":{"line":42,"column":8},"end":{"line":42,"column":54}},"34":{"start":{"line":43,"column":26},"end":{"line":43,"column":101}},"35":{"start":{"line":43,"column":57},"end":{"line":43,"column":100}},"36":{"start":{"line":44,"column":8},"end":{"line":47,"column":9}},"37":{"start":{"line":45,"column":10},"end":{"line":45,"column":49}},"38":{"start":{"line":46,"column":10},"end":{"line":46,"column":34}},"39":{"start":{"line":50,"column":6},"end":{"line":50,"column":88}},"40":{"start":{"line":53,"column":4},"end":{"line":53,"column":34}},"41":{"start":{"line":55,"column":4},"end":{"line":55,"column":82}},"42":{"start":{"line":60,"column":0},"end":{"line":84,"column":2}},"43":{"start":{"line":61,"column":2},"end":{"line":83,"column":3}},"44":{"start":{"line":62,"column":23},"end":{"line":62,"column":32}},"45":{"start":{"line":63,"column":19},"end":{"line":63,"column":42}},"46":{"start":{"line":64,"column":19},"end":{"line":64,"column":21}},"47":{"start":{"line":65,"column":4},"end":{"line":75,"column":5}},"48":{"start":{"line":66,"column":6},"end":{"line":66,"column":29}},"49":{"start":{"line":67,"column":24},"end":{"line":67,"column":53}},"50":{"start":{"line":68,"column":6},"end":{"line":68,"column":85}},"51":{"start":{"line":68,"column":22},"end":{"line":68,"column":85}},"52":{"start":{"line":69,"column":21},"end":{"line":69,"column":91}},"53":{"start":{"line":69,"column":57},"end":{"line":69,"column":90}},"54":{"start":{"line":70,"column":6},"end":{"line":70,"column":98}},"55":{"start":{"line":70,"column":19},"end":{"line":70,"column":98}},"56":{"start":{"line":73,"column":31},"end":{"line":73,"column":90}},"57":{"start":{"line":74,"column":6},"end":{"line":74,"column":64}},"58":{"start":{"line":74,"column":55},"end":{"line":74,"column":60}},"59":{"start":{"line":77,"column":21},"end":{"line":79,"column":30}},"60":{"start":{"line":80,"column":4},"end":{"line":80,"column":23}},"61":{"start":{"line":82,"column":4},"end":{"line":82,"column":62}},"62":{"start":{"line":87,"column":0},"end":{"line":101,"column":2}},"63":{"start":{"line":88,"column":2},"end":{"line":100,"column":3}},"64":{"start":{"line":89,"column":20},"end":{"line":89,"column":92}},"65":{"start":{"line":90,"column":4},"end":{"line":90,"column":82}},"66":{"start":{"line":90,"column":18},"end":{"line":90,"column":82}},"67":{"start":{"line":91,"column":19},"end":{"line":91,"column":42}},"68":{"start":{"line":92,"column":4},"end":{"line":92,"column":82}},"69":{"start":{"line":92,"column":17},"end":{"line":92,"column":82}},"70":{"start":{"line":93,"column":22},"end":{"line":93,"column":59}},"71":{"start":{"line":94,"column":4},"end":{"line":94,"column":83}},"72":{"start":{"line":94,"column":20},"end":{"line":94,"column":83}},"73":{"start":{"line":95,"column":19},"end":{"line":95,"column":89}},"74":{"start":{"line":95,"column":55},"end":{"line":95,"column":88}},"75":{"start":{"line":96,"column":4},"end":{"line":96,"column":96}},"76":{"start":{"line":96,"column":17},"end":{"line":96,"column":96}},"77":{"start":{"line":97,"column":4},"end":{"line":97,"column":22}},"78":{"start":{"line":99,"column":4},"end":{"line":99,"column":61}},"79":{"start":{"line":104,"column":0},"end":{"line":118,"column":2}},"80":{"start":{"line":105,"column":2},"end":{"line":117,"column":3}},"81":{"start":{"line":106,"column":40},"end":{"line":106,"column":48}},"82":{"start":{"line":107,"column":23},"end":{"line":111,"column":32}},"83":{"start":{"line":113,"column":4},"end":{"line":113,"column":85}},"84":{"start":{"line":113,"column":21},"end":{"line":113,"column":85}},"85":{"start":{"line":114,"column":4},"end":{"line":114,"column":25}},"86":{"start":{"line":116,"column":4},"end":{"line":116,"column":61}},"87":{"start":{"line":121,"column":0},"end":{"line":128,"column":2}},"88":{"start":{"line":122,"column":2},"end":{"line":127,"column":3}},"89":{"start":{"line":123,"column":4},"end":{"line":123,"column":51}},"90":{"start":{"line":124,"column":4},"end":{"line":124,"column":54}},"91":{"start":{"line":126,"column":4},"end":{"line":126,"column":62}}},"fnMap":{"0":{"name":"(anonymous_0)","decl":{"start":{"line":6,"column":23},"end":{"line":6,"column":24}},"loc":{"start":{"line":6,"column":43},"end":{"line":57,"column":1}},"line":6},"1":{"name":"(anonymous_1)","decl":{"start":{"line":20,"column":42},"end":{"line":20,"column":43}},"loc":{"start":{"line":20,"column":47},"end":{"line":20,"column":75}},"line":20},"2":{"name":"(anonymous_2)","decl":{"start":{"line":43,"column":50},"end":{"line":43,"column":51}},"loc":{"start":{"line":43,"column":57},"end":{"line":43,"column":100}},"line":43},"3":{"name":"(anonymous_3)","decl":{"start":{"line":60,"column":25},"end":{"line":60,"column":26}},"loc":{"start":{"line":60,"column":45},"end":{"line":84,"column":1}},"line":60},"4":{"name":"(anonymous_4)","decl":{"start":{"line":69,"column":52},"end":{"line":69,"column":53}},"loc":{"start":{"line":69,"column":57},"end":{"line":69,"column":90}},"line":69},"5":{"name":"(anonymous_5)","decl":{"start":{"line":74,"column":50},"end":{"line":74,"column":51}},"loc":{"start":{"line":74,"column":55},"end":{"line":74,"column":60}},"line":74},"6":{"name":"(anonymous_6)","decl":{"start":{"line":87,"column":23},"end":{"line":87,"column":24}},"loc":{"start":{"line":87,"column":43},"end":{"line":101,"column":1}},"line":87},"7":{"name":"(anonymous_7)","decl":{"start":{"line":95,"column":50},"end":{"line":95,"column":51}},"loc":{"start":{"line":95,"column":55},"end":{"line":95,"column":88}},"line":95},"8":{"name":"(anonymous_8)","decl":{"start":{"line":104,"column":24},"end":{"line":104,"column":25}},"loc":{"start":{"line":104,"column":44},"end":{"line":118,"column":1}},"line":104},"9":{"name":"(anonymous_9)","decl":{"start":{"line":121,"column":25},"end":{"line":121,"column":26}},"loc":{"start":{"line":121,"column":45},"end":{"line":128,"column":1}},"line":121}},"branchMap":{"0":{"loc":{"start":{"line":10,"column":4},"end":{"line":12,"column":5}},"type":"if","locations":[{"start":{"line":10,"column":4},"end":{"line":12,"column":5}},{"start":{},"end":{}}],"line":10},"1":{"loc":{"start":{"line":10,"column":8},"end":{"line":10,"column":24}},"type":"binary-expr","locations":[{"start":{"line":10,"column":8},"end":{"line":10,"column":13}},{"start":{"line":10,"column":17},"end":{"line":10,"column":24}}],"line":10},"2":{"loc":{"start":{"line":15,"column":4},"end":{"line":15,"column":83}},"type":"if","locations":[{"start":{"line":15,"column":4},"end":{"line":15,"column":83}},{"start":{},"end":{}}],"line":15},"3":{"loc":{"start":{"line":17,"column":19},"end":{"line":17,"column":42}},"type":"binary-expr","locations":[{"start":{"line":17,"column":19},"end":{"line":17,"column":27}},{"start":{"line":17,"column":31},"end":{"line":17,"column":42}}],"line":17},"4":{"loc":{"start":{"line":18,"column":4},"end":{"line":18,"column":82}},"type":"if","locations":[{"start":{"line":18,"column":4},"end":{"line":18,"column":82}},{"start":{},"end":{}}],"line":18},"5":{"loc":{"start":{"line":21,"column":4},"end":{"line":23,"column":5}},"type":"if","locations":[{"start":{"line":21,"column":4},"end":{"line":23,"column":5}},{"start":{},"end":{}}],"line":21},"6":{"loc":{"start":{"line":21,"column":8},"end":{"line":21,"column":42}},"type":"binary-expr","locations":[{"start":{"line":21,"column":8},"end":{"line":21,"column":15}},{"start":{"line":21,"column":19},"end":{"line":21,"column":42}}],"line":21},"7":{"loc":{"start":{"line":29,"column":27},"end":{"line":29,"column":51}},"type":"binary-expr","locations":[{"start":{"line":29,"column":27},"end":{"line":29,"column":45}},{"start":{"line":29,"column":49},"end":{"line":29,"column":51}}],"line":29},"8":{"loc":{"start":{"line":39,"column":8},"end":{"line":39,"column":32}},"type":"if","locations":[{"start":{"line":39,"column":8},"end":{"line":39,"column":32}},{"start":{},"end":{}}],"line":39},"9":{"loc":{"start":{"line":41,"column":8},"end":{"line":41,"column":34}},"type":"if","locations":[{"start":{"line":41,"column":8},"end":{"line":41,"column":34}},{"start":{},"end":{}}],"line":41},"10":{"loc":{"start":{"line":42,"column":29},"end":{"line":42,"column":53}},"type":"binary-expr","locations":[{"start":{"line":42,"column":29},"end":{"line":42,"column":47}},{"start":{"line":42,"column":51},"end":{"line":42,"column":53}}],"line":42},"11":{"loc":{"start":{"line":44,"column":8},"end":{"line":47,"column":9}},"type":"if","locations":[{"start":{"line":44,"column":8},"end":{"line":47,"column":9}},{"start":{},"end":{}}],"line":44},"12":{"loc":{"start":{"line":63,"column":19},"end":{"line":63,"column":42}},"type":"binary-expr","locations":[{"start":{"line":63,"column":19},"end":{"line":63,"column":27}},{"start":{"line":63,"column":31},"end":{"line":63,"column":42}}],"line":63},"13":{"loc":{"start":{"line":65,"column":4},"end":{"line":75,"column":5}},"type":"if","locations":[{"start":{"line":65,"column":4},"end":{"line":75,"column":5}},{"start":{"line":71,"column":11},"end":{"line":75,"column":5}}],"line":65},"14":{"loc":{"start":{"line":68,"column":6},"end":{"line":68,"column":85}},"type":"if","locations":[{"start":{"line":68,"column":6},"end":{"line":68,"column":85}},{"start":{},"end":{}}],"line":68},"15":{"loc":{"start":{"line":69,"column":22},"end":{"line":69,"column":45}},"type":"binary-expr","locations":[{"start":{"line":69,"column":22},"end":{"line":69,"column":39}},{"start":{"line":69,"column":43},"end":{"line":69,"column":45}}],"line":69},"16":{"loc":{"start":{"line":70,"column":6},"end":{"line":70,"column":98}},"type":"if","locations":[{"start":{"line":70,"column":6},"end":{"line":70,"column":98}},{"start":{},"end":{}}],"line":70},"17":{"loc":{"start":{"line":90,"column":4},"end":{"line":90,"column":82}},"type":"if","locations":[{"start":{"line":90,"column":4},"end":{"line":90,"column":82}},{"start":{},"end":{}}],"line":90},"18":{"loc":{"start":{"line":91,"column":19},"end":{"line":91,"column":42}},"type":"binary-expr","locations":[{"start":{"line":91,"column":19},"end":{"line":91,"column":27}},{"start":{"line":91,"column":31},"end":{"line":91,"column":42}}],"line":91},"19":{"loc":{"start":{"line":92,"column":4},"end":{"line":92,"column":82}},"type":"if","locations":[{"start":{"line":92,"column":4},"end":{"line":92,"column":82}},{"start":{},"end":{}}],"line":92},"20":{"loc":{"start":{"line":94,"column":4},"end":{"line":94,"column":83}},"type":"if","locations":[{"start":{"line":94,"column":4},"end":{"line":94,"column":83}},{"start":{},"end":{}}],"line":94},"21":{"loc":{"start":{"line":95,"column":20},"end":{"line":95,"column":43}},"type":"binary-expr","locations":[{"start":{"line":95,"column":20},"end":{"line":95,"column":37}},{"start":{"line":95,"column":41},"end":{"line":95,"column":43}}],"line":95},"22":{"loc":{"start":{"line":96,"column":4},"end":{"line":96,"column":96}},"type":"if","locations":[{"start":{"line":96,"column":4},"end":{"line":96,"column":96}},{"start":{},"end":{}}],"line":96},"23":{"loc":{"start":{"line":113,"column":4},"end":{"line":113,"column":85}},"type":"if","locations":[{"start":{"line":113,"column":4},"end":{"line":113,"column":85}},{"start":{},"end":{}}],"line":113}},"s":{"0":1,"1":1,"2":1,"3":1,"4":3,"5":3,"6":3,"7":1,"8":2,"9":2,"10":0,"11":2,"12":2,"13":0,"14":2,"15":2,"16":2,"17":1,"18":1,"19":1,"20":1,"21":1,"22":1,"23":1,"24":0,"25":1,"26":1,"27":2,"28":2,"29":0,"30":2,"31":2,"32":0,"33":2,"34":2,"35":0,"36":2,"37":2,"38":2,"39":0,"40":1,"41":0,"42":1,"43":2,"44":2,"45":2,"46":2,"47":2,"48":1,"49":1,"50":1,"51":0,"52":1,"53":1,"54":1,"55":1,"56":1,"57":1,"58":2,"59":1,"60":1,"61":0,"62":1,"63":1,"64":1,"65":1,"66":0,"67":1,"68":1,"69":0,"70":1,"71":1,"72":0,"73":1,"74":1,"75":1,"76":0,"77":1,"78":0,"79":1,"80":1,"81":1,"82":1,"83":1,"84":1,"85":0,"86":0,"87":1,"88":1,"89":1,"90":1,"91":0},"f":{"0":3,"1":2,"2":0,"3":2,"4":1,"5":2,"6":1,"7":1,"8":1,"9":1},"b":{"0":[1,2],"1":[3,2],"2":[0,2],"3":[2,2],"4":[0,2],"5":[1,1],"6":[2,2],"7":[1,0],"8":[0,2],"9":[0,2],"10":[2,0],"11":[2,0],"12":[2,2],"13":[1,1],"14":[0,1],"15":[1,0],"16":[1,0],"17":[0,1],"18":[1,1],"19":[0,1],"20":[0,1],"21":[1,0],"22":[0,1],"23":[1,0]},"_coverageSchema":"1a1c01bbd47fc00a2c39e90264f33305004495a9","hash":"75982b6e6cf81af82d80147ec8fdd6d0c6c10c42"}
,"C:\\Users\\Usuario\\Desktop\\Flowly\\backend\\controllers\\tarefaController.js": {"path":"C:\\Users\\Usuario\\Desktop\\Flowly\\backend\\controllers\\tarefaController.js","statementMap":{"0":{"start":{"line":1,"column":15},"end":{"line":1,"column":42}},"1":{"start":{"line":2,"column":13},"end":{"line":2,"column":38}},"2":{"start":{"line":3,"column":16},"end":{"line":3,"column":44}},"3":{"start":{"line":4,"column":15},"end":{"line":4,"column":42}},"4":{"start":{"line":7,"column":0},"end":{"line":54,"column":2}},"5":{"start":{"line":8,"column":2},"end":{"line":53,"column":3}},"6":{"start":{"line":9,"column":107},"end":{"line":9,"column":115}},"7":{"start":{"line":11,"column":4},"end":{"line":13,"column":5}},"8":{"start":{"line":12,"column":6},"end":{"line":12,"column":99}},"9":{"start":{"line":15,"column":4},"end":{"line":18,"column":5}},"10":{"start":{"line":16,"column":19},"end":{"line":16,"column":49}},"11":{"start":{"line":17,"column":6},"end":{"line":17,"column":85}},"12":{"start":{"line":17,"column":17},"end":{"line":17,"column":85}},"13":{"start":{"line":20,"column":17},"end":{"line":20,"column":48}},"14":{"start":{"line":21,"column":4},"end":{"line":21,"column":73}},"15":{"start":{"line":21,"column":15},"end":{"line":21,"column":73}},"16":{"start":{"line":23,"column":21},"end":{"line":23,"column":32}},"17":{"start":{"line":24,"column":4},"end":{"line":24,"column":98}},"18":{"start":{"line":24,"column":19},"end":{"line":24,"column":98}},"19":{"start":{"line":26,"column":22},"end":{"line":26,"column":53}},"20":{"start":{"line":27,"column":4},"end":{"line":27,"column":94}},"21":{"start":{"line":27,"column":20},"end":{"line":27,"column":94}},"22":{"start":{"line":29,"column":19},"end":{"line":29,"column":42}},"23":{"start":{"line":30,"column":4},"end":{"line":30,"column":82}},"24":{"start":{"line":30,"column":17},"end":{"line":30,"column":82}},"25":{"start":{"line":32,"column":19},"end":{"line":32,"column":76}},"26":{"start":{"line":32,"column":47},"end":{"line":32,"column":75}},"27":{"start":{"line":33,"column":4},"end":{"line":35,"column":5}},"28":{"start":{"line":34,"column":6},"end":{"line":34,"column":91}},"29":{"start":{"line":37,"column":19},"end":{"line":47,"column":6}},"30":{"start":{"line":48,"column":4},"end":{"line":48,"column":24}},"31":{"start":{"line":50,"column":4},"end":{"line":50,"column":33}},"32":{"start":{"line":52,"column":4},"end":{"line":52,"column":81}},"33":{"start":{"line":57,"column":0},"end":{"line":65,"column":2}},"34":{"start":{"line":58,"column":2},"end":{"line":64,"column":3}},"35":{"start":{"line":59,"column":20},"end":{"line":60,"column":30}},"36":{"start":{"line":61,"column":4},"end":{"line":61,"column":34}},"37":{"start":{"line":63,"column":4},"end":{"line":63,"column":83}},"38":{"start":{"line":68,"column":0},"end":{"line":76,"column":2}},"39":{"start":{"line":69,"column":2},"end":{"line":75,"column":3}},"40":{"start":{"line":70,"column":20},"end":{"line":71,"column":30}},"41":{"start":{"line":72,"column":4},"end":{"line":72,"column":34}},"42":{"start":{"line":74,"column":4},"end":{"line":74,"column":83}},"43":{"start":{"line":79,"column":0},"end":{"line":96,"column":2}},"44":{"start":{"line":80,"column":15},"end":{"line":80,"column":28}},"45":{"start":{"line":81,"column":2},"end":{"line":95,"column":3}},"46":{"start":{"line":82,"column":19},"end":{"line":82,"column":44}},"47":{"start":{"line":83,"column":4},"end":{"line":85,"column":5}},"48":{"start":{"line":84,"column":6},"end":{"line":84,"column":69}},"49":{"start":{"line":87,"column":29},"end":{"line":89,"column":5}},"50":{"start":{"line":91,"column":4},"end":{"line":91,"column":87}},"51":{"start":{"line":94,"column":4},"end":{"line":94,"column":60}},"52":{"start":{"line":99,"column":0},"end":{"line":106,"column":2}},"53":{"start":{"line":100,"column":2},"end":{"line":105,"column":3}},"54":{"start":{"line":101,"column":4},"end":{"line":101,"column":50}},"55":{"start":{"line":102,"column":4},"end":{"line":102,"column":41}},"56":{"start":{"line":104,"column":4},"end":{"line":104,"column":61}},"57":{"start":{"line":109,"column":0},"end":{"line":117,"column":2}},"58":{"start":{"line":110,"column":2},"end":{"line":116,"column":3}},"59":{"start":{"line":111,"column":20},"end":{"line":112,"column":33}},"60":{"start":{"line":113,"column":4},"end":{"line":113,"column":22}},"61":{"start":{"line":115,"column":4},"end":{"line":115,"column":66}},"62":{"start":{"line":121,"column":0},"end":{"line":142,"column":2}},"63":{"start":{"line":122,"column":2},"end":{"line":141,"column":3}},"64":{"start":{"line":123,"column":19},"end":{"line":123,"column":55}},"65":{"start":{"line":124,"column":4},"end":{"line":124,"column":80}},"66":{"start":{"line":124,"column":17},"end":{"line":124,"column":80}},"67":{"start":{"line":125,"column":19},"end":{"line":125,"column":42}},"68":{"start":{"line":126,"column":4},"end":{"line":126,"column":82}},"69":{"start":{"line":126,"column":17},"end":{"line":126,"column":82}},"70":{"start":{"line":127,"column":17},"end":{"line":127,"column":55}},"71":{"start":{"line":128,"column":4},"end":{"line":128,"column":73}},"72":{"start":{"line":128,"column":15},"end":{"line":128,"column":73}},"73":{"start":{"line":129,"column":22},"end":{"line":129,"column":56}},"74":{"start":{"line":130,"column":4},"end":{"line":130,"column":94}},"75":{"start":{"line":130,"column":20},"end":{"line":130,"column":94}},"76":{"start":{"line":131,"column":19},"end":{"line":131,"column":89}},"77":{"start":{"line":131,"column":55},"end":{"line":131,"column":88}},"78":{"start":{"line":132,"column":4},"end":{"line":132,"column":96}},"79":{"start":{"line":132,"column":17},"end":{"line":132,"column":96}},"80":{"start":{"line":134,"column":4},"end":{"line":134,"column":30}},"81":{"start":{"line":135,"column":4},"end":{"line":135,"column":35}},"82":{"start":{"line":136,"column":4},"end":{"line":136,"column":24}},"83":{"start":{"line":138,"column":4},"end":{"line":138,"column":78}},"84":{"start":{"line":140,"column":4},"end":{"line":140,"column":62}},"85":{"start":{"line":145,"column":0},"end":{"line":166,"column":2}},"86":{"start":{"line":146,"column":2},"end":{"line":165,"column":3}},"87":{"start":{"line":147,"column":19},"end":{"line":147,"column":55}},"88":{"start":{"line":148,"column":4},"end":{"line":148,"column":80}},"89":{"start":{"line":148,"column":17},"end":{"line":148,"column":80}},"90":{"start":{"line":149,"column":19},"end":{"line":149,"column":42}},"91":{"start":{"line":150,"column":4},"end":{"line":150,"column":82}},"92":{"start":{"line":150,"column":17},"end":{"line":150,"column":82}},"93":{"start":{"line":151,"column":17},"end":{"line":151,"column":55}},"94":{"start":{"line":152,"column":4},"end":{"line":152,"column":73}},"95":{"start":{"line":152,"column":15},"end":{"line":152,"column":73}},"96":{"start":{"line":153,"column":22},"end":{"line":153,"column":56}},"97":{"start":{"line":154,"column":4},"end":{"line":154,"column":94}},"98":{"start":{"line":154,"column":20},"end":{"line":154,"column":94}},"99":{"start":{"line":155,"column":19},"end":{"line":155,"column":89}},"100":{"start":{"line":155,"column":55},"end":{"line":155,"column":88}},"101":{"start":{"line":156,"column":4},"end":{"line":156,"column":96}},"102":{"start":{"line":156,"column":17},"end":{"line":156,"column":96}},"103":{"start":{"line":158,"column":4},"end":{"line":158,"column":28}},"104":{"start":{"line":159,"column":4},"end":{"line":159,"column":31}},"105":{"start":{"line":160,"column":4},"end":{"line":160,"column":24}},"106":{"start":{"line":162,"column":4},"end":{"line":162,"column":81}},"107":{"start":{"line":164,"column":4},"end":{"line":164,"column":65}},"108":{"start":{"line":169,"column":0},"end":{"line":191,"column":2}},"109":{"start":{"line":170,"column":2},"end":{"line":190,"column":3}},"110":{"start":{"line":171,"column":19},"end":{"line":171,"column":55}},"111":{"start":{"line":172,"column":4},"end":{"line":172,"column":80}},"112":{"start":{"line":172,"column":17},"end":{"line":172,"column":80}},"113":{"start":{"line":173,"column":19},"end":{"line":173,"column":42}},"114":{"start":{"line":174,"column":4},"end":{"line":174,"column":82}},"115":{"start":{"line":174,"column":17},"end":{"line":174,"column":82}},"116":{"start":{"line":175,"column":4},"end":{"line":177,"column":5}},"117":{"start":{"line":176,"column":6},"end":{"line":176,"column":98}},"118":{"start":{"line":178,"column":17},"end":{"line":178,"column":55}},"119":{"start":{"line":179,"column":4},"end":{"line":179,"column":73}},"120":{"start":{"line":179,"column":15},"end":{"line":179,"column":73}},"121":{"start":{"line":180,"column":22},"end":{"line":180,"column":56}},"122":{"start":{"line":181,"column":4},"end":{"line":181,"column":94}},"123":{"start":{"line":181,"column":20},"end":{"line":181,"column":94}},"124":{"start":{"line":182,"column":19},"end":{"line":182,"column":89}},"125":{"start":{"line":182,"column":55},"end":{"line":182,"column":88}},"126":{"start":{"line":183,"column":4},"end":{"line":183,"column":96}},"127":{"start":{"line":183,"column":17},"end":{"line":183,"column":96}},"128":{"start":{"line":185,"column":4},"end":{"line":185,"column":32}},"129":{"start":{"line":186,"column":4},"end":{"line":186,"column":24}},"130":{"start":{"line":187,"column":4},"end":{"line":187,"column":78}},"131":{"start":{"line":189,"column":4},"end":{"line":189,"column":62}}},"fnMap":{"0":{"name":"(anonymous_0)","decl":{"start":{"line":7,"column":22},"end":{"line":7,"column":23}},"loc":{"start":{"line":7,"column":42},"end":{"line":54,"column":1}},"line":7},"1":{"name":"(anonymous_1)","decl":{"start":{"line":32,"column":42},"end":{"line":32,"column":43}},"loc":{"start":{"line":32,"column":47},"end":{"line":32,"column":75}},"line":32},"2":{"name":"(anonymous_2)","decl":{"start":{"line":57,"column":24},"end":{"line":57,"column":25}},"loc":{"start":{"line":57,"column":44},"end":{"line":65,"column":1}},"line":57},"3":{"name":"(anonymous_3)","decl":{"start":{"line":68,"column":32},"end":{"line":68,"column":33}},"loc":{"start":{"line":68,"column":52},"end":{"line":76,"column":1}},"line":68},"4":{"name":"(anonymous_4)","decl":{"start":{"line":79,"column":23},"end":{"line":79,"column":24}},"loc":{"start":{"line":79,"column":43},"end":{"line":96,"column":1}},"line":79},"5":{"name":"(anonymous_5)","decl":{"start":{"line":99,"column":24},"end":{"line":99,"column":25}},"loc":{"start":{"line":99,"column":44},"end":{"line":106,"column":1}},"line":99},"6":{"name":"(anonymous_6)","decl":{"start":{"line":109,"column":30},"end":{"line":109,"column":31}},"loc":{"start":{"line":109,"column":50},"end":{"line":117,"column":1}},"line":109},"7":{"name":"(anonymous_7)","decl":{"start":{"line":121,"column":25},"end":{"line":121,"column":26}},"loc":{"start":{"line":121,"column":45},"end":{"line":142,"column":1}},"line":121},"8":{"name":"(anonymous_8)","decl":{"start":{"line":131,"column":50},"end":{"line":131,"column":51}},"loc":{"start":{"line":131,"column":55},"end":{"line":131,"column":88}},"line":131},"9":{"name":"(anonymous_9)","decl":{"start":{"line":145,"column":28},"end":{"line":145,"column":29}},"loc":{"start":{"line":145,"column":48},"end":{"line":166,"column":1}},"line":145},"10":{"name":"(anonymous_10)","decl":{"start":{"line":155,"column":50},"end":{"line":155,"column":51}},"loc":{"start":{"line":155,"column":55},"end":{"line":155,"column":88}},"line":155},"11":{"name":"(anonymous_11)","decl":{"start":{"line":169,"column":25},"end":{"line":169,"column":26}},"loc":{"start":{"line":169,"column":45},"end":{"line":191,"column":1}},"line":169},"12":{"name":"(anonymous_12)","decl":{"start":{"line":182,"column":50},"end":{"line":182,"column":51}},"loc":{"start":{"line":182,"column":55},"end":{"line":182,"column":88}},"line":182}},"branchMap":{"0":{"loc":{"start":{"line":11,"column":4},"end":{"line":13,"column":5}},"type":"if","locations":[{"start":{"line":11,"column":4},"end":{"line":13,"column":5}},{"start":{},"end":{}}],"line":11},"1":{"loc":{"start":{"line":11,"column":8},"end":{"line":11,"column":35}},"type":"binary-expr","locations":[{"start":{"line":11,"column":8},"end":{"line":11,"column":13}},{"start":{"line":11,"column":17},"end":{"line":11,"column":23}},{"start":{"line":11,"column":27},"end":{"line":11,"column":35}}],"line":11},"2":{"loc":{"start":{"line":15,"column":4},"end":{"line":18,"column":5}},"type":"if","locations":[{"start":{"line":15,"column":4},"end":{"line":18,"column":5}},{"start":{},"end":{}}],"line":15},"3":{"loc":{"start":{"line":17,"column":6},"end":{"line":17,"column":85}},"type":"if","locations":[{"start":{"line":17,"column":6},"end":{"line":17,"column":85}},{"start":{},"end":{}}],"line":17},"4":{"loc":{"start":{"line":21,"column":4},"end":{"line":21,"column":73}},"type":"if","locations":[{"start":{"line":21,"column":4},"end":{"line":21,"column":73}},{"start":{},"end":{}}],"line":21},"5":{"loc":{"start":{"line":24,"column":4},"end":{"line":24,"column":98}},"type":"if","locations":[{"start":{"line":24,"column":4},"end":{"line":24,"column":98}},{"start":{},"end":{}}],"line":24},"6":{"loc":{"start":{"line":27,"column":4},"end":{"line":27,"column":94}},"type":"if","locations":[{"start":{"line":27,"column":4},"end":{"line":27,"column":94}},{"start":{},"end":{}}],"line":27},"7":{"loc":{"start":{"line":29,"column":19},"end":{"line":29,"column":42}},"type":"binary-expr","locations":[{"start":{"line":29,"column":19},"end":{"line":29,"column":27}},{"start":{"line":29,"column":31},"end":{"line":29,"column":42}}],"line":29},"8":{"loc":{"start":{"line":30,"column":4},"end":{"line":30,"column":82}},"type":"if","locations":[{"start":{"line":30,"column":4},"end":{"line":30,"column":82}},{"start":{},"end":{}}],"line":30},"9":{"loc":{"start":{"line":33,"column":4},"end":{"line":35,"column":5}},"type":"if","locations":[{"start":{"line":33,"column":4},"end":{"line":35,"column":5}},{"start":{},"end":{}}],"line":33},"10":{"loc":{"start":{"line":33,"column":8},"end":{"line":33,"column":42}},"type":"binary-expr","locations":[{"start":{"line":33,"column":8},"end":{"line":33,"column":15}},{"start":{"line":33,"column":19},"end":{"line":33,"column":42}}],"line":33},"11":{"loc":{"start":{"line":43,"column":17},"end":{"line":43,"column":34}},"type":"binary-expr","locations":[{"start":{"line":43,"column":17},"end":{"line":43,"column":26}},{"start":{"line":43,"column":30},"end":{"line":43,"column":34}}],"line":43},"12":{"loc":{"start":{"line":44,"column":14},"end":{"line":44,"column":34}},"type":"binary-expr","locations":[{"start":{"line":44,"column":14},"end":{"line":44,"column":20}},{"start":{"line":44,"column":24},"end":{"line":44,"column":34}}],"line":44},"13":{"loc":{"start":{"line":46,"column":21},"end":{"line":46,"column":71}},"type":"cond-expr","locations":[{"start":{"line":46,"column":51},"end":{"line":46,"column":64}},{"start":{"line":46,"column":67},"end":{"line":46,"column":71}}],"line":46},"14":{"loc":{"start":{"line":83,"column":4},"end":{"line":85,"column":5}},"type":"if","locations":[{"start":{"line":83,"column":4},"end":{"line":85,"column":5}},{"start":{},"end":{}}],"line":83},"15":{"loc":{"start":{"line":124,"column":4},"end":{"line":124,"column":80}},"type":"if","locations":[{"start":{"line":124,"column":4},"end":{"line":124,"column":80}},{"start":{},"end":{}}],"line":124},"16":{"loc":{"start":{"line":125,"column":19},"end":{"line":125,"column":42}},"type":"binary-expr","locations":[{"start":{"line":125,"column":19},"end":{"line":125,"column":27}},{"start":{"line":125,"column":31},"end":{"line":125,"column":42}}],"line":125},"17":{"loc":{"start":{"line":126,"column":4},"end":{"line":126,"column":82}},"type":"if","locations":[{"start":{"line":126,"column":4},"end":{"line":126,"column":82}},{"start":{},"end":{}}],"line":126},"18":{"loc":{"start":{"line":128,"column":4},"end":{"line":128,"column":73}},"type":"if","locations":[{"start":{"line":128,"column":4},"end":{"line":128,"column":73}},{"start":{},"end":{}}],"line":128},"19":{"loc":{"start":{"line":130,"column":4},"end":{"line":130,"column":94}},"type":"if","locations":[{"start":{"line":130,"column":4},"end":{"line":130,"column":94}},{"start":{},"end":{}}],"line":130},"20":{"loc":{"start":{"line":131,"column":20},"end":{"line":131,"column":43}},"type":"binary-expr","locations":[{"start":{"line":131,"column":20},"end":{"line":131,"column":37}},{"start":{"line":131,"column":41},"end":{"line":131,"column":43}}],"line":131},"21":{"loc":{"start":{"line":132,"column":4},"end":{"line":132,"column":96}},"type":"if","locations":[{"start":{"line":132,"column":4},"end":{"line":132,"column":96}},{"start":{},"end":{}}],"line":132},"22":{"loc":{"start":{"line":148,"column":4},"end":{"line":148,"column":80}},"type":"if","locations":[{"start":{"line":148,"column":4},"end":{"line":148,"column":80}},{"start":{},"end":{}}],"line":148},"23":{"loc":{"start":{"line":149,"column":19},"end":{"line":149,"column":42}},"type":"binary-expr","locations":[{"start":{"line":149,"column":19},"end":{"line":149,"column":27}},{"start":{"line":149,"column":31},"end":{"line":149,"column":42}}],"line":149},"24":{"loc":{"start":{"line":150,"column":4},"end":{"line":150,"column":82}},"type":"if","locations":[{"start":{"line":150,"column":4},"end":{"line":150,"column":82}},{"start":{},"end":{}}],"line":150},"25":{"loc":{"start":{"line":152,"column":4},"end":{"line":152,"column":73}},"type":"if","locations":[{"start":{"line":152,"column":4},"end":{"line":152,"column":73}},{"start":{},"end":{}}],"line":152},"26":{"loc":{"start":{"line":154,"column":4},"end":{"line":154,"column":94}},"type":"if","locations":[{"start":{"line":154,"column":4},"end":{"line":154,"column":94}},{"start":{},"end":{}}],"line":154},"27":{"loc":{"start":{"line":155,"column":20},"end":{"line":155,"column":43}},"type":"binary-expr","locations":[{"start":{"line":155,"column":20},"end":{"line":155,"column":37}},{"start":{"line":155,"column":41},"end":{"line":155,"column":43}}],"line":155},"28":{"loc":{"start":{"line":156,"column":4},"end":{"line":156,"column":96}},"type":"if","locations":[{"start":{"line":156,"column":4},"end":{"line":156,"column":96}},{"start":{},"end":{}}],"line":156},"29":{"loc":{"start":{"line":172,"column":4},"end":{"line":172,"column":80}},"type":"if","locations":[{"start":{"line":172,"column":4},"end":{"line":172,"column":80}},{"start":{},"end":{}}],"line":172},"30":{"loc":{"start":{"line":173,"column":19},"end":{"line":173,"column":42}},"type":"binary-expr","locations":[{"start":{"line":173,"column":19},"end":{"line":173,"column":27}},{"start":{"line":173,"column":31},"end":{"line":173,"column":42}}],"line":173},"31":{"loc":{"start":{"line":174,"column":4},"end":{"line":174,"column":82}},"type":"if","locations":[{"start":{"line":174,"column":4},"end":{"line":174,"column":82}},{"start":{},"end":{}}],"line":174},"32":{"loc":{"start":{"line":175,"column":4},"end":{"line":177,"column":5}},"type":"if","locations":[{"start":{"line":175,"column":4},"end":{"line":177,"column":5}},{"start":{},"end":{}}],"line":175},"33":{"loc":{"start":{"line":179,"column":4},"end":{"line":179,"column":73}},"type":"if","locations":[{"start":{"line":179,"column":4},"end":{"line":179,"column":73}},{"start":{},"end":{}}],"line":179},"34":{"loc":{"start":{"line":181,"column":4},"end":{"line":181,"column":94}},"type":"if","locations":[{"start":{"line":181,"column":4},"end":{"line":181,"column":94}},{"start":{},"end":{}}],"line":181},"35":{"loc":{"start":{"line":182,"column":20},"end":{"line":182,"column":43}},"type":"binary-expr","locations":[{"start":{"line":182,"column":20},"end":{"line":182,"column":37}},{"start":{"line":182,"column":41},"end":{"line":182,"column":43}}],"line":182},"36":{"loc":{"start":{"line":183,"column":4},"end":{"line":183,"column":96}},"type":"if","locations":[{"start":{"line":183,"column":4},"end":{"line":183,"column":96}},{"start":{},"end":{}}],"line":183}},"s":{"0":1,"1":1,"2":1,"3":1,"4":1,"5":2,"6":2,"7":2,"8":1,"9":1,"10":1,"11":1,"12":0,"13":1,"14":1,"15":0,"16":1,"17":1,"18":0,"19":1,"20":1,"21":0,"22":1,"23":1,"24":0,"25":1,"26":1,"27":1,"28":0,"29":1,"30":1,"31":1,"32":0,"33":1,"34":1,"35":1,"36":1,"37":0,"38":1,"39":1,"40":1,"41":1,"42":0,"43":1,"44":2,"45":2,"46":2,"47":2,"48":1,"49":1,"50":1,"51":0,"52":1,"53":1,"54":1,"55":1,"56":0,"57":1,"58":1,"59":1,"60":1,"61":0,"62":1,"63":2,"64":2,"65":2,"66":1,"67":1,"68":1,"69":0,"70":1,"71":1,"72":0,"73":1,"74":1,"75":0,"76":1,"77":1,"78":1,"79":0,"80":1,"81":1,"82":1,"83":1,"84":0,"85":1,"86":1,"87":1,"88":1,"89":0,"90":1,"91":1,"92":0,"93":1,"94":1,"95":0,"96":1,"97":1,"98":0,"99":1,"100":1,"101":1,"102":0,"103":1,"104":1,"105":1,"106":1,"107":0,"108":1,"109":2,"110":2,"111":2,"112":0,"113":2,"114":2,"115":0,"116":2,"117":1,"118":1,"119":1,"120":0,"121":1,"122":1,"123":0,"124":1,"125":1,"126":1,"127":0,"128":1,"129":1,"130":1,"131":0},"f":{"0":2,"1":1,"2":1,"3":1,"4":2,"5":1,"6":1,"7":2,"8":1,"9":1,"10":1,"11":2,"12":1},"b":{"0":[1,1],"1":[2,1,1],"2":[1,0],"3":[0,1],"4":[0,1],"5":[0,1],"6":[0,1],"7":[1,1],"8":[0,1],"9":[0,1],"10":[1,1],"11":[1,0],"12":[1,1],"13":[1,0],"14":[1,1],"15":[1,1],"16":[1,1],"17":[0,1],"18":[0,1],"19":[0,1],"20":[1,0],"21":[0,1],"22":[0,1],"23":[1,1],"24":[0,1],"25":[0,1],"26":[0,1],"27":[1,0],"28":[0,1],"29":[0,2],"30":[2,2],"31":[0,2],"32":[1,1],"33":[0,1],"34":[0,1],"35":[1,0],"36":[0,1]},"_coverageSchema":"1a1c01bbd47fc00a2c39e90264f33305004495a9","hash":"6164dd7f58af124c6cb923605a9d9acae9b4a618"}
}
