TN:
SF:controllers\authController.js
FN:11,(anonymous_0)
FN:13,generateCode
FN:82,(anonymous_2)
FN:102,(anonymous_3)
FN:121,(anonymous_4)
FN:142,(anonymous_5)
FN:156,(anonymous_6)
FN:171,(anonymous_7)
FN:202,(anonymous_8)
FN:224,(anonymous_9)
FNF:10
FNH:10
FNDA:2,(anonymous_0)
FNDA:1,generateCode
FNDA:2,(anonymous_2)
FNDA:1,(anonymous_3)
FNDA:2,(anonymous_4)
FNDA:2,(anonymous_5)
FNDA:2,(anonymous_6)
FNDA:1,(anonymous_7)
FNDA:2,(anonymous_8)
FNDA:2,(anonymous_9)
DA:1,1
DA:2,1
DA:3,1
DA:4,1
DA:5,1
DA:6,1
DA:7,1
DA:9,1
DA:11,1
DA:14,1
DA:15,1
DA:16,1
DA:17,1
DA:18,6
DA:20,1
DA:22,2
DA:23,2
DA:26,2
DA:27,2
DA:28,1
DA:31,1
DA:32,1
DA:33,0
DA:36,1
DA:37,1
DA:40,1
DA:47,1
DA:69,1
DA:70,1
DA:71,1
DA:72,1
DA:74,0
DA:78,0
DA:82,1
DA:83,2
DA:84,2
DA:86,2
DA:87,2
DA:89,1
DA:90,1
DA:93,1
DA:94,1
DA:96,1
DA:98,0
DA:102,1
DA:103,1
DA:104,1
DA:106,1
DA:107,1
DA:109,1
DA:110,1
DA:112,1
DA:113,1
DA:115,1
DA:117,0
DA:121,1
DA:122,2
DA:123,2
DA:124,2
DA:126,2
DA:128,1
DA:129,1
DA:130,1
DA:131,1
DA:133,1
DA:135,1
DA:138,0
DA:142,1
DA:143,2
DA:144,2
DA:145,2
DA:146,1
DA:148,1
DA:151,0
DA:156,1
DA:157,2
DA:158,2
DA:159,2
DA:161,1
DA:162,1
DA:164,1
DA:166,0
DA:171,1
DA:172,1
DA:173,1
DA:174,1
DA:176,1
DA:177,1
DA:178,0
DA:180,1
DA:181,0
DA:184,1
DA:185,1
DA:186,0
DA:189,1
DA:190,1
DA:192,1
DA:193,1
DA:194,1
DA:196,1
DA:198,0
DA:202,1
DA:203,2
DA:204,2
DA:205,2
DA:206,1
DA:209,1
DA:210,1
DA:212,1
DA:213,1
DA:215,1
DA:216,1
DA:218,1
DA:220,0
DA:224,1
DA:225,2
DA:226,2
DA:227,2
DA:229,1
DA:230,1
DA:231,1
DA:233,1
DA:234,1
DA:235,1
DA:237,1
DA:238,1
DA:245,0
DA:246,0
DA:247,0
DA:250,1
DA:272,1
DA:274,1
DA:276,0
LF:133
LH:116
BRDA:13,0,0,0
BRDA:27,1,0,1
BRDA:27,1,1,1
BRDA:32,2,0,0
BRDA:32,2,1,1
BRDA:87,3,0,1
BRDA:87,3,1,1
BRDA:90,4,0,0
BRDA:90,4,1,1
BRDA:107,5,0,0
BRDA:107,5,1,1
BRDA:110,6,0,0
BRDA:110,6,1,1
BRDA:126,7,0,1
BRDA:126,7,1,1
BRDA:129,8,0,0
BRDA:129,8,1,1
BRDA:131,9,0,0
BRDA:131,9,1,1
BRDA:145,10,0,1
BRDA:145,10,1,1
BRDA:158,11,0,2
BRDA:158,11,1,1
BRDA:158,11,2,1
BRDA:158,11,3,0
BRDA:159,12,0,1
BRDA:159,12,1,1
BRDA:162,13,0,0
BRDA:162,13,1,1
BRDA:173,14,0,1
BRDA:173,14,1,1
BRDA:173,14,2,0
BRDA:173,14,3,0
BRDA:174,15,0,0
BRDA:174,15,1,1
BRDA:177,16,0,0
BRDA:177,16,1,1
BRDA:177,17,0,1
BRDA:177,17,1,1
BRDA:180,18,0,0
BRDA:180,18,1,1
BRDA:185,19,0,0
BRDA:185,19,1,1
BRDA:190,20,0,0
BRDA:190,20,1,1
BRDA:204,21,0,2
BRDA:204,21,1,0
BRDA:205,22,0,1
BRDA:205,22,1,1
BRDA:205,23,0,2
BRDA:205,23,1,2
BRDA:210,24,0,0
BRDA:210,24,1,1
BRDA:213,25,0,0
BRDA:213,25,1,1
BRDA:226,26,0,2
BRDA:226,26,1,0
BRDA:227,27,0,1
BRDA:227,27,1,1
BRDA:230,28,0,0
BRDA:230,28,1,1
BRDA:231,29,0,0
BRDA:231,29,1,1
BRDA:237,30,0,1
BRDA:237,30,1,0
BRF:65
BRH:42
end_of_record
TN:
SF:controllers\conviteController.js
FN:7,(anonymous_0)
FN:29,(anonymous_1)
FNF:2
FNH:2
FNDA:3,(anonymous_0)
FNDA:2,(anonymous_1)
DA:1,1
DA:2,1
DA:3,1
DA:4,1
DA:5,1
DA:7,1
DA:8,3
DA:9,3
DA:10,3
DA:11,3
DA:12,3
DA:14,3
DA:15,3
DA:16,0
DA:19,3
DA:21,3
DA:22,3
DA:23,1
DA:26,2
DA:27,2
DA:28,2
DA:29,2
DA:32,2
DA:33,1
DA:36,1
DA:37,1
DA:56,1
DA:58,0
DA:61,1
DA:63,0
DA:66,0
LF:31
LH:27
BRDA:11,0,0,0
BRDA:11,0,1,3
BRDA:15,1,0,0
BRDA:15,1,1,3
BRDA:22,2,0,1
BRDA:22,2,1,2
BRDA:27,3,0,2
BRDA:27,3,1,0
BRDA:32,4,0,1
BRDA:32,4,1,1
BRF:10
BRH:7
end_of_record
TN:
SF:controllers\equipeController.js
FN:4,(anonymous_0)
FN:18,gerarCodigoUnico
FN:53,(anonymous_2)
FN:63,(anonymous_3)
FN:69,(anonymous_4)
FN:77,(anonymous_5)
FN:100,(anonymous_6)
FN:110,(anonymous_7)
FN:118,(anonymous_8)
FN:120,(anonymous_9)
FN:128,(anonymous_10)
FN:141,(anonymous_11)
FN:148,(anonymous_12)
FNF:13
FNH:13
FNDA:2,(anonymous_0)
FNDA:1,gerarCodigoUnico
FNDA:1,(anonymous_2)
FNDA:2,(anonymous_3)
FNDA:2,(anonymous_4)
FNDA:2,(anonymous_5)
FNDA:1,(anonymous_6)
FNDA:2,(anonymous_7)
FNDA:2,(anonymous_8)
FNDA:2,(anonymous_9)
FNDA:3,(anonymous_10)
FNDA:2,(anonymous_11)
FNDA:2,(anonymous_12)
DA:1,1
DA:2,1
DA:4,1
DA:5,2
DA:6,2
DA:7,2
DA:8,2
DA:10,2
DA:13,2
DA:14,1
DA:19,1
DA:20,1
DA:21,1
DA:22,1
DA:24,0
DA:27,1
DA:30,1
DA:31,1
DA:34,1
DA:35,1
DA:37,1
DA:38,1
DA:39,1
DA:40,1
DA:42,0
DA:46,1
DA:47,1
DA:49,0
DA:53,1
DA:54,1
DA:55,1
DA:56,1
DA:57,1
DA:59,0
DA:63,1
DA:64,2
DA:65,2
DA:66,2
DA:67,2
DA:68,2
DA:69,2
DA:70,2
DA:71,1
DA:73,0
DA:77,1
DA:78,2
DA:79,2
DA:80,2
DA:82,2
DA:88,2
DA:89,1
DA:92,1
DA:94,0
DA:95,0
DA:100,1
DA:101,1
DA:102,1
DA:103,1
DA:104,1
DA:106,0
DA:110,1
DA:111,2
DA:112,2
DA:113,2
DA:114,2
DA:115,2
DA:116,2
DA:117,2
DA:118,2
DA:119,1
DA:120,2
DA:121,1
DA:123,0
DA:128,1
DA:129,3
DA:130,3
DA:131,3
DA:132,2
DA:133,2
DA:134,1
DA:136,0
DA:141,1
DA:142,2
DA:143,2
DA:144,2
DA:145,2
DA:146,2
DA:147,2
DA:148,2
DA:149,2
DA:150,1
DA:151,1
DA:152,1
DA:154,0
LF:94
LH:83
BRDA:8,0,0,0
BRDA:8,0,1,2
BRDA:13,1,0,1
BRDA:13,1,1,1
BRDA:13,2,0,2
BRDA:13,2,1,2
BRDA:22,3,0,1
BRDA:22,3,1,0
BRDA:38,4,0,1
BRDA:38,4,1,0
BRDA:55,5,0,1
BRDA:55,5,1,1
BRDA:65,6,0,2
BRDA:65,6,1,2
BRDA:67,7,0,0
BRDA:67,7,1,2
BRDA:68,8,0,2
BRDA:68,8,1,2
BRDA:69,9,0,2
BRDA:69,9,1,0
BRDA:69,10,0,2
BRDA:69,10,1,2
BRDA:70,11,0,1
BRDA:70,11,1,1
BRDA:80,12,0,2
BRDA:80,12,1,2
BRDA:88,13,0,1
BRDA:88,13,1,1
BRDA:102,14,0,1
BRDA:102,14,1,1
BRDA:112,15,0,2
BRDA:112,15,1,2
BRDA:113,16,0,2
BRDA:113,16,1,2
BRDA:116,17,0,0
BRDA:116,17,1,2
BRDA:117,18,0,1
BRDA:117,18,1,1
BRDA:118,19,0,1
BRDA:118,19,1,0
BRDA:120,20,0,2
BRDA:120,20,1,0
BRDA:120,21,0,2
BRDA:120,21,1,0
BRDA:130,22,0,3
BRDA:130,22,1,0
BRDA:131,23,0,1
BRDA:131,23,1,2
BRDA:133,24,0,1
BRDA:133,24,1,1
BRDA:143,25,0,2
BRDA:143,25,1,2
BRDA:144,26,0,2
BRDA:144,26,1,2
BRDA:145,27,0,0
BRDA:145,27,1,2
BRDA:147,28,0,0
BRDA:147,28,1,2
BRDA:148,29,0,2
BRDA:148,29,1,0
BRDA:149,30,0,1
BRDA:149,30,1,1
BRF:62
BRH:49
end_of_record
TN:
SF:controllers\projetoController.js
FN:6,(anonymous_0)
FN:20,(anonymous_1)
FN:43,(anonymous_2)
FN:60,(anonymous_3)
FN:69,(anonymous_4)
FN:74,(anonymous_5)
FN:87,(anonymous_6)
FN:95,(anonymous_7)
FN:104,(anonymous_8)
FN:121,(anonymous_9)
FNF:10
FNH:9
FNDA:3,(anonymous_0)
FNDA:2,(anonymous_1)
FNDA:0,(anonymous_2)
FNDA:2,(anonymous_3)
FNDA:1,(anonymous_4)
FNDA:2,(anonymous_5)
FNDA:1,(anonymous_6)
FNDA:1,(anonymous_7)
FNDA:1,(anonymous_8)
FNDA:1,(anonymous_9)
DA:1,1
DA:2,1
DA:3,1
DA:6,1
DA:7,3
DA:8,3
DA:10,3
DA:11,1
DA:14,2
DA:15,2
DA:17,2
DA:18,2
DA:20,2
DA:21,2
DA:22,1
DA:25,1
DA:26,1
DA:28,1
DA:29,1
DA:30,1
DA:31,1
DA:33,0
DA:36,1
DA:37,1
DA:38,2
DA:39,2
DA:40,2
DA:41,2
DA:42,2
DA:43,2
DA:44,2
DA:45,2
DA:46,2
DA:50,0
DA:53,1
DA:55,0
DA:60,1
DA:61,2
DA:62,2
DA:63,2
DA:64,2
DA:65,2
DA:66,1
DA:67,1
DA:68,1
DA:69,1
DA:70,1
DA:73,1
DA:74,2
DA:77,1
DA:80,1
DA:82,0
DA:87,1
DA:88,1
DA:89,1
DA:90,1
DA:91,1
DA:92,1
DA:93,1
DA:94,1
DA:95,1
DA:96,1
DA:97,1
DA:99,0
DA:104,1
DA:105,1
DA:106,1
DA:107,1
DA:113,1
DA:114,0
DA:116,0
DA:121,1
DA:122,1
DA:123,1
DA:124,1
DA:126,0
LF:76
LH:68
BRDA:10,0,0,1
BRDA:10,0,1,2
BRDA:10,1,0,3
BRDA:10,1,1,2
BRDA:15,2,0,0
BRDA:15,2,1,2
BRDA:17,3,0,2
BRDA:17,3,1,2
BRDA:18,4,0,0
BRDA:18,4,1,2
BRDA:21,5,0,1
BRDA:21,5,1,1
BRDA:21,6,0,2
BRDA:21,6,1,2
BRDA:29,7,0,1
BRDA:29,7,1,0
BRDA:39,8,0,0
BRDA:39,8,1,2
BRDA:41,9,0,0
BRDA:41,9,1,2
BRDA:42,10,0,2
BRDA:42,10,1,0
BRDA:44,11,0,2
BRDA:44,11,1,0
BRDA:63,12,0,2
BRDA:63,12,1,2
BRDA:65,13,0,1
BRDA:65,13,1,1
BRDA:68,14,0,0
BRDA:68,14,1,1
BRDA:69,15,0,1
BRDA:69,15,1,0
BRDA:70,16,0,1
BRDA:70,16,1,0
BRDA:90,17,0,0
BRDA:90,17,1,1
BRDA:91,18,0,1
BRDA:91,18,1,1
BRDA:92,19,0,0
BRDA:92,19,1,1
BRDA:94,20,0,0
BRDA:94,20,1,1
BRDA:95,21,0,1
BRDA:95,21,1,0
BRDA:96,22,0,0
BRDA:96,22,1,1
BRDA:113,23,0,1
BRDA:113,23,1,0
BRF:48
BRH:32
end_of_record
TN:
SF:controllers\tarefaController.js
FN:7,(anonymous_0)
FN:32,(anonymous_1)
FN:57,(anonymous_2)
FN:68,(anonymous_3)
FN:79,(anonymous_4)
FN:99,(anonymous_5)
FN:109,(anonymous_6)
FN:121,(anonymous_7)
FN:131,(anonymous_8)
FN:145,(anonymous_9)
FN:155,(anonymous_10)
FN:169,(anonymous_11)
FN:182,(anonymous_12)
FNF:13
FNH:13
FNDA:2,(anonymous_0)
FNDA:1,(anonymous_1)
FNDA:1,(anonymous_2)
FNDA:1,(anonymous_3)
FNDA:2,(anonymous_4)
FNDA:1,(anonymous_5)
FNDA:1,(anonymous_6)
FNDA:2,(anonymous_7)
FNDA:1,(anonymous_8)
FNDA:1,(anonymous_9)
FNDA:1,(anonymous_10)
FNDA:2,(anonymous_11)
FNDA:1,(anonymous_12)
DA:1,1
DA:2,1
DA:3,1
DA:4,1
DA:7,1
DA:8,2
DA:9,2
DA:11,2
DA:12,1
DA:15,1
DA:16,1
DA:17,1
DA:20,1
DA:21,1
DA:23,1
DA:24,1
DA:26,1
DA:27,1
DA:29,1
DA:30,1
DA:32,1
DA:33,1
DA:34,0
DA:37,1
DA:48,1
DA:50,1
DA:52,0
DA:57,1
DA:58,1
DA:59,1
DA:61,1
DA:63,0
DA:68,1
DA:69,1
DA:70,1
DA:72,1
DA:74,0
DA:79,1
DA:80,2
DA:81,2
DA:82,2
DA:83,2
DA:84,1
DA:87,1
DA:91,1
DA:94,0
DA:99,1
DA:100,1
DA:101,1
DA:102,1
DA:104,0
DA:109,1
DA:110,1
DA:111,1
DA:113,1
DA:115,0
DA:121,1
DA:122,2
DA:123,2
DA:124,2
DA:125,1
DA:126,1
DA:127,1
DA:128,1
DA:129,1
DA:130,1
DA:131,1
DA:132,1
DA:134,1
DA:135,1
DA:136,1
DA:138,1
DA:140,0
DA:145,1
DA:146,1
DA:147,1
DA:148,1
DA:149,1
DA:150,1
DA:151,1
DA:152,1
DA:153,1
DA:154,1
DA:155,1
DA:156,1
DA:158,1
DA:159,1
DA:160,1
DA:162,1
DA:164,0
DA:169,1
DA:170,2
DA:171,2
DA:172,2
DA:173,2
DA:174,2
DA:175,2
DA:176,1
DA:178,1
DA:179,1
DA:180,1
DA:181,1
DA:182,1
DA:183,1
DA:185,1
DA:186,1
DA:187,1
DA:189,0
LF:108
LH:98
BRDA:11,0,0,1
BRDA:11,0,1,1
BRDA:11,1,0,2
BRDA:11,1,1,1
BRDA:11,1,2,1
BRDA:15,2,0,1
BRDA:15,2,1,0
BRDA:17,3,0,0
BRDA:17,3,1,1
BRDA:21,4,0,0
BRDA:21,4,1,1
BRDA:24,5,0,0
BRDA:24,5,1,1
BRDA:27,6,0,0
BRDA:27,6,1,1
BRDA:29,7,0,1
BRDA:29,7,1,1
BRDA:30,8,0,0
BRDA:30,8,1,1
BRDA:33,9,0,0
BRDA:33,9,1,1
BRDA:33,10,0,1
BRDA:33,10,1,1
BRDA:43,11,0,1
BRDA:43,11,1,0
BRDA:44,12,0,1
BRDA:44,12,1,1
BRDA:46,13,0,1
BRDA:46,13,1,0
BRDA:83,14,0,1
BRDA:83,14,1,1
BRDA:124,15,0,1
BRDA:124,15,1,1
BRDA:125,16,0,1
BRDA:125,16,1,1
BRDA:126,17,0,0
BRDA:126,17,1,1
BRDA:128,18,0,0
BRDA:128,18,1,1
BRDA:130,19,0,0
BRDA:130,19,1,1
BRDA:131,20,0,1
BRDA:131,20,1,0
BRDA:132,21,0,0
BRDA:132,21,1,1
BRDA:148,22,0,0
BRDA:148,22,1,1
BRDA:149,23,0,1
BRDA:149,23,1,1
BRDA:150,24,0,0
BRDA:150,24,1,1
BRDA:152,25,0,0
BRDA:152,25,1,1
BRDA:154,26,0,0
BRDA:154,26,1,1
BRDA:155,27,0,1
BRDA:155,27,1,0
BRDA:156,28,0,0
BRDA:156,28,1,1
BRDA:172,29,0,0
BRDA:172,29,1,2
BRDA:173,30,0,2
BRDA:173,30,1,2
BRDA:174,31,0,0
BRDA:174,31,1,2
BRDA:175,32,0,1
BRDA:175,32,1,1
BRDA:179,33,0,0
BRDA:179,33,1,1
BRDA:181,34,0,0
BRDA:181,34,1,1
BRDA:182,35,0,1
BRDA:182,35,1,0
BRDA:183,36,0,0
BRDA:183,36,1,1
BRF:75
BRH:49
end_of_record
